<?xml version="1.0" encoding="UTF-8"?>
<robot generator="Robot 3.1.1 (Python 3.8.1 on win32)" generated="20201210 14:07:18.221" rpa="false">
<suite id="s1" name="B2B Demo Script" source="C:\Users\Maryan\VS\robotframework-suite-tests\Tests\User_Journeys\B2B_Demo_Script.robot">
<kw name="SuiteSetup" library="Common" type="setup">
<tags>
<tag>common</tag>
</tags>
<doc>Basic steps before each suite</doc>
<kw name="Remove Files" library="OperatingSystem">
<doc>Uses `Remove File` to remove multiple files one-by-one.</doc>
<arguments>
<arg>${OUTPUTDIR}/selenium-screenshot-*.png</arg>
</arguments>
<msg timestamp="20201210 14:07:18.875" level="INFO" html="yes">File '&lt;a href="file://C:\Users\Maryan\VS\robotframework-suite-tests\Tests\User_Journeys\selenium-screenshot-*.png"&gt;C:\Users\Maryan\VS\robotframework-suite-tests\Tests\User_Journeys\selenium-screenshot-*.png&lt;/a&gt;' does not exist.</msg>
<status status="PASS" starttime="20201210 14:07:18.871" endtime="20201210 14:07:18.875"></status>
</kw>
<kw name="Open Browser" library="SeleniumLibrary">
<doc>Opens a new browser instance to the optional ``url``.</doc>
<arguments>
<arg>${host}</arg>
<arg>${browser}</arg>
</arguments>
<status status="PASS" starttime="20201210 14:07:18.877" endtime="20201210 14:07:24.597"></status>
</kw>
<kw name="Run Keyword If" library="BuiltIn">
<doc>Runs the given keyword with the given arguments, if ``condition`` is true.</doc>
<arguments>
<arg>'headless' in '${browser}'</arg>
<arg>Set Window Size</arg>
<arg>1440</arg>
<arg>1080</arg>
</arguments>
<status status="PASS" starttime="20201210 14:07:24.598" endtime="20201210 14:07:24.600"></status>
</kw>
<kw name="Run Keyword Unless" library="BuiltIn">
<doc>Runs the given keyword with the given arguments if ``condition`` is false.</doc>
<arguments>
<arg>'headless' in '${browser}'</arg>
<arg>Maximize Browser Window</arg>
</arguments>
<kw name="Maximize Browser Window" library="SeleniumLibrary">
<doc>Maximizes current browser window.</doc>
<status status="PASS" starttime="20201210 14:07:24.602" endtime="20201210 14:07:27.063"></status>
</kw>
<status status="PASS" starttime="20201210 14:07:24.601" endtime="20201210 14:07:27.064"></status>
</kw>
<kw name="Generate Random String" library="String">
<doc>Generates a string with a desired ``length`` from the given ``chars``.</doc>
<arguments>
<arg>5</arg>
<arg>[NUMBERS]</arg>
</arguments>
<assign>
<var>${random}</var>
</assign>
<msg timestamp="20201210 14:07:27.066" level="INFO">${random} = 42995</msg>
<status status="PASS" starttime="20201210 14:07:27.065" endtime="20201210 14:07:27.066"></status>
</kw>
<kw name="Set Global Variable" library="BuiltIn">
<doc>Makes a variable available globally in all tests and suites.</doc>
<arguments>
<arg>${random}</arg>
</arguments>
<msg timestamp="20201210 14:07:27.068" level="INFO">${random} = 42995</msg>
<status status="PASS" starttime="20201210 14:07:27.067" endtime="20201210 14:07:27.068"></status>
</kw>
<kw name="Set Variable" library="BuiltIn">
<doc>Returns the given values which can then be assigned to a variables.</doc>
<arguments>
<arg>test.spryker+${random}@gmail.com</arg>
</arguments>
<assign>
<var>${test_customer_email}</var>
</assign>
<msg timestamp="20201210 14:07:27.070" level="INFO">${test_customer_email} = test.spryker+42995@gmail.com</msg>
<status status="PASS" starttime="20201210 14:07:27.069" endtime="20201210 14:07:27.070"></status>
</kw>
<kw name="Set Global Variable" library="BuiltIn">
<doc>Makes a variable available globally in all tests and suites.</doc>
<arguments>
<arg>${test_customer_email}</arg>
</arguments>
<msg timestamp="20201210 14:07:27.074" level="INFO">${test_customer_email} = test.spryker+42995@gmail.com</msg>
<status status="PASS" starttime="20201210 14:07:27.072" endtime="20201210 14:07:27.074"></status>
</kw>
<status status="PASS" starttime="20201210 14:07:18.867" endtime="20201210 14:07:27.074"></status>
</kw>
<test id="s1-t1" name="Guest_User_Restrictions">
<kw name="TestSetup" library="Common" type="setup">
<kw name="Delete All Cookies" library="SeleniumLibrary">
<doc>Deletes all cookies.</doc>
<status status="PASS" starttime="20201210 14:07:27.077" endtime="20201210 14:07:27.086"></status>
</kw>
<kw name="Go To" library="SeleniumLibrary">
<doc>Navigates the current browser window to the provided ``url``.</doc>
<arguments>
<arg>${host}</arg>
</arguments>
<status status="PASS" starttime="20201210 14:07:27.087" endtime="20201210 14:07:28.498"></status>
</kw>
<status status="PASS" starttime="20201210 14:07:27.076" endtime="20201210 14:07:28.498"></status>
</kw>
<kw name="Yves: header contains/doesn't contain:" library="Header_steps">
<arguments>
<arg>false</arg>
<arg>${priceModeSwitcher}</arg>
<arg>${currencySwitcher}</arg>
<arg>${quickOrderIcon}</arg>
<arg>${accountIcon}</arg>
<arg>${shoppingListIcon}</arg>
<arg>${shoppingCartIcon}</arg>
</arguments>
<kw name="Get Length" library="BuiltIn">
<doc>Returns and logs the length of the given item as an integer.</doc>
<arguments>
<arg>${header_elements_list}</arg>
</arguments>
<assign>
<var>${header_elements_list_count}</var>
</assign>
<msg timestamp="20201210 14:07:28.502" level="INFO">Length is 6</msg>
<msg timestamp="20201210 14:07:28.502" level="INFO">${header_elements_list_count} = 6</msg>
<status status="PASS" starttime="20201210 14:07:28.501" endtime="20201210 14:07:28.502"></status>
</kw>
<kw name="${index} IN RANGE [ 0 | ${header_elements_list_count} ]" type="for">
<kw name="${index} = 0" type="foritem">
<kw name="Get From List" library="Collections">
<doc>Returns the value specified with an ``index`` from ``list``.</doc>
<arguments>
<arg>${header_elements_list}</arg>
<arg>${index}</arg>
</arguments>
<assign>
<var>${header_element_to_check}</var>
</assign>
<msg timestamp="20201210 14:07:28.505" level="INFO">${header_element_to_check} = name=price-mode</msg>
<status status="PASS" starttime="20201210 14:07:28.504" endtime="20201210 14:07:28.505"></status>
</kw>
<kw name="Run Keyword If" library="BuiltIn">
<doc>Runs the given keyword with the given arguments, if ``condition`` is true.</doc>
<arguments>
<arg>'${condition}' == 'true'</arg>
<arg>Run Keywords</arg>
<arg>Log</arg>
<arg>${header_element_to_check}</arg>
<arg>AND</arg>
<arg>Page Should Contain Element</arg>
<arg>${header_element_to_check}</arg>
<arg>message=${header_element_to_check} is not displayed</arg>
</arguments>
<status status="PASS" starttime="20201210 14:07:28.506" endtime="20201210 14:07:28.506"></status>
</kw>
<kw name="Run Keyword If" library="BuiltIn">
<doc>Runs the given keyword with the given arguments, if ``condition`` is true.</doc>
<arguments>
<arg>'${condition}' == 'false'</arg>
<arg>Run Keywords</arg>
<arg>Log</arg>
<arg>${header_element_to_check}</arg>
<arg>AND</arg>
<arg>Page Should Not Contain Element</arg>
<arg>${header_element_to_check}</arg>
<arg>message=${header_element_to_check} should not be displayed</arg>
</arguments>
<kw name="Run Keywords" library="BuiltIn">
<doc>Executes all the given keywords in a sequence.</doc>
<arguments>
<arg>Log</arg>
<arg>${header_element_to_check}</arg>
<arg>AND</arg>
<arg>Page Should Not Contain Element</arg>
<arg>${header_element_to_check}</arg>
<arg>message=${header_element_to_check} should not be displayed</arg>
</arguments>
<kw name="Log" library="BuiltIn">
<doc>Logs the given message with the given level.</doc>
<arguments>
<arg>${header_element_to_check}</arg>
</arguments>
<msg timestamp="20201210 14:07:28.510" level="INFO">name=price-mode</msg>
<status status="PASS" starttime="20201210 14:07:28.509" endtime="20201210 14:07:28.510"></status>
</kw>
<kw name="Page Should Not Contain Element" library="SeleniumLibrary">
<doc>Verifies that element ``locator`` is not found on the current page.</doc>
<arguments>
<arg>${header_element_to_check}</arg>
<arg>message=${header_element_to_check} should not be displayed</arg>
</arguments>
<status status="PASS" starttime="20201210 14:07:28.511" endtime="20201210 14:07:28.537"></status>
</kw>
<status status="PASS" starttime="20201210 14:07:28.508" endtime="20201210 14:07:28.538"></status>
</kw>
<status status="PASS" starttime="20201210 14:07:28.507" endtime="20201210 14:07:28.538"></status>
</kw>
<status status="PASS" starttime="20201210 14:07:28.503" endtime="20201210 14:07:28.539"></status>
</kw>
<kw name="${index} = 1" type="foritem">
<kw name="Get From List" library="Collections">
<doc>Returns the value specified with an ``index`` from ``list``.</doc>
<arguments>
<arg>${header_elements_list}</arg>
<arg>${index}</arg>
</arguments>
<assign>
<var>${header_element_to_check}</var>
</assign>
<msg timestamp="20201210 14:07:28.541" level="INFO">${header_element_to_check} = name=currency-iso-code</msg>
<status status="PASS" starttime="20201210 14:07:28.540" endtime="20201210 14:07:28.541"></status>
</kw>
<kw name="Run Keyword If" library="BuiltIn">
<doc>Runs the given keyword with the given arguments, if ``condition`` is true.</doc>
<arguments>
<arg>'${condition}' == 'true'</arg>
<arg>Run Keywords</arg>
<arg>Log</arg>
<arg>${header_element_to_check}</arg>
<arg>AND</arg>
<arg>Page Should Contain Element</arg>
<arg>${header_element_to_check}</arg>
<arg>message=${header_element_to_check} is not displayed</arg>
</arguments>
<status status="PASS" starttime="20201210 14:07:28.542" endtime="20201210 14:07:28.544"></status>
</kw>
<kw name="Run Keyword If" library="BuiltIn">
<doc>Runs the given keyword with the given arguments, if ``condition`` is true.</doc>
<arguments>
<arg>'${condition}' == 'false'</arg>
<arg>Run Keywords</arg>
<arg>Log</arg>
<arg>${header_element_to_check}</arg>
<arg>AND</arg>
<arg>Page Should Not Contain Element</arg>
<arg>${header_element_to_check}</arg>
<arg>message=${header_element_to_check} should not be displayed</arg>
</arguments>
<kw name="Run Keywords" library="BuiltIn">
<doc>Executes all the given keywords in a sequence.</doc>
<arguments>
<arg>Log</arg>
<arg>${header_element_to_check}</arg>
<arg>AND</arg>
<arg>Page Should Not Contain Element</arg>
<arg>${header_element_to_check}</arg>
<arg>message=${header_element_to_check} should not be displayed</arg>
</arguments>
<kw name="Log" library="BuiltIn">
<doc>Logs the given message with the given level.</doc>
<arguments>
<arg>${header_element_to_check}</arg>
</arguments>
<msg timestamp="20201210 14:07:28.548" level="INFO">name=currency-iso-code</msg>
<status status="PASS" starttime="20201210 14:07:28.547" endtime="20201210 14:07:28.548"></status>
</kw>
<kw name="Page Should Not Contain Element" library="SeleniumLibrary">
<doc>Verifies that element ``locator`` is not found on the current page.</doc>
<arguments>
<arg>${header_element_to_check}</arg>
<arg>message=${header_element_to_check} should not be displayed</arg>
</arguments>
<status status="PASS" starttime="20201210 14:07:28.549" endtime="20201210 14:07:28.570"></status>
</kw>
<status status="PASS" starttime="20201210 14:07:28.546" endtime="20201210 14:07:28.571"></status>
</kw>
<status status="PASS" starttime="20201210 14:07:28.545" endtime="20201210 14:07:28.572"></status>
</kw>
<status status="PASS" starttime="20201210 14:07:28.539" endtime="20201210 14:07:28.572"></status>
</kw>
<kw name="${index} = 2" type="foritem">
<kw name="Get From List" library="Collections">
<doc>Returns the value specified with an ``index`` from ``list``.</doc>
<arguments>
<arg>${header_elements_list}</arg>
<arg>${index}</arg>
</arguments>
<assign>
<var>${header_element_to_check}</var>
</assign>
<msg timestamp="20201210 14:07:28.574" level="INFO">${header_element_to_check} = xpath=//*[contains(@class,'icon--quick-order')]/ancestor::a</msg>
<status status="PASS" starttime="20201210 14:07:28.573" endtime="20201210 14:07:28.574"></status>
</kw>
<kw name="Run Keyword If" library="BuiltIn">
<doc>Runs the given keyword with the given arguments, if ``condition`` is true.</doc>
<arguments>
<arg>'${condition}' == 'true'</arg>
<arg>Run Keywords</arg>
<arg>Log</arg>
<arg>${header_element_to_check}</arg>
<arg>AND</arg>
<arg>Page Should Contain Element</arg>
<arg>${header_element_to_check}</arg>
<arg>message=${header_element_to_check} is not displayed</arg>
</arguments>
<status status="PASS" starttime="20201210 14:07:28.575" endtime="20201210 14:07:28.576"></status>
</kw>
<kw name="Run Keyword If" library="BuiltIn">
<doc>Runs the given keyword with the given arguments, if ``condition`` is true.</doc>
<arguments>
<arg>'${condition}' == 'false'</arg>
<arg>Run Keywords</arg>
<arg>Log</arg>
<arg>${header_element_to_check}</arg>
<arg>AND</arg>
<arg>Page Should Not Contain Element</arg>
<arg>${header_element_to_check}</arg>
<arg>message=${header_element_to_check} should not be displayed</arg>
</arguments>
<kw name="Run Keywords" library="BuiltIn">
<doc>Executes all the given keywords in a sequence.</doc>
<arguments>
<arg>Log</arg>
<arg>${header_element_to_check}</arg>
<arg>AND</arg>
<arg>Page Should Not Contain Element</arg>
<arg>${header_element_to_check}</arg>
<arg>message=${header_element_to_check} should not be displayed</arg>
</arguments>
<kw name="Log" library="BuiltIn">
<doc>Logs the given message with the given level.</doc>
<arguments>
<arg>${header_element_to_check}</arg>
</arguments>
<msg timestamp="20201210 14:07:28.579" level="INFO">xpath=//*[contains(@class,'icon--quick-order')]/ancestor::a</msg>
<status status="PASS" starttime="20201210 14:07:28.578" endtime="20201210 14:07:28.579"></status>
</kw>
<kw name="Page Should Not Contain Element" library="SeleniumLibrary">
<doc>Verifies that element ``locator`` is not found on the current page.</doc>
<arguments>
<arg>${header_element_to_check}</arg>
<arg>message=${header_element_to_check} should not be displayed</arg>
</arguments>
<status status="PASS" starttime="20201210 14:07:28.580" endtime="20201210 14:07:28.606"></status>
</kw>
<status status="PASS" starttime="20201210 14:07:28.577" endtime="20201210 14:07:28.606"></status>
</kw>
<status status="PASS" starttime="20201210 14:07:28.576" endtime="20201210 14:07:28.607"></status>
</kw>
<status status="PASS" starttime="20201210 14:07:28.572" endtime="20201210 14:07:28.607"></status>
</kw>
<kw name="${index} = 3" type="foritem">
<kw name="Get From List" library="Collections">
<doc>Returns the value specified with an ``index`` from ``list``.</doc>
<arguments>
<arg>${header_elements_list}</arg>
<arg>${index}</arg>
</arguments>
<assign>
<var>${header_element_to_check}</var>
</assign>
<msg timestamp="20201210 14:07:28.609" level="INFO">${header_element_to_check} = xpath=//div[contains(@class,'user-navigation__user-name')]</msg>
<status status="PASS" starttime="20201210 14:07:28.608" endtime="20201210 14:07:28.609"></status>
</kw>
<kw name="Run Keyword If" library="BuiltIn">
<doc>Runs the given keyword with the given arguments, if ``condition`` is true.</doc>
<arguments>
<arg>'${condition}' == 'true'</arg>
<arg>Run Keywords</arg>
<arg>Log</arg>
<arg>${header_element_to_check}</arg>
<arg>AND</arg>
<arg>Page Should Contain Element</arg>
<arg>${header_element_to_check}</arg>
<arg>message=${header_element_to_check} is not displayed</arg>
</arguments>
<status status="PASS" starttime="20201210 14:07:28.610" endtime="20201210 14:07:28.611"></status>
</kw>
<kw name="Run Keyword If" library="BuiltIn">
<doc>Runs the given keyword with the given arguments, if ``condition`` is true.</doc>
<arguments>
<arg>'${condition}' == 'false'</arg>
<arg>Run Keywords</arg>
<arg>Log</arg>
<arg>${header_element_to_check}</arg>
<arg>AND</arg>
<arg>Page Should Not Contain Element</arg>
<arg>${header_element_to_check}</arg>
<arg>message=${header_element_to_check} should not be displayed</arg>
</arguments>
<kw name="Run Keywords" library="BuiltIn">
<doc>Executes all the given keywords in a sequence.</doc>
<arguments>
<arg>Log</arg>
<arg>${header_element_to_check}</arg>
<arg>AND</arg>
<arg>Page Should Not Contain Element</arg>
<arg>${header_element_to_check}</arg>
<arg>message=${header_element_to_check} should not be displayed</arg>
</arguments>
<kw name="Log" library="BuiltIn">
<doc>Logs the given message with the given level.</doc>
<arguments>
<arg>${header_element_to_check}</arg>
</arguments>
<msg timestamp="20201210 14:07:28.614" level="INFO">xpath=//div[contains(@class,'user-navigation__user-name')]</msg>
<status status="PASS" starttime="20201210 14:07:28.614" endtime="20201210 14:07:28.614"></status>
</kw>
<kw name="Page Should Not Contain Element" library="SeleniumLibrary">
<doc>Verifies that element ``locator`` is not found on the current page.</doc>
<arguments>
<arg>${header_element_to_check}</arg>
<arg>message=${header_element_to_check} should not be displayed</arg>
</arguments>
<status status="PASS" starttime="20201210 14:07:28.615" endtime="20201210 14:07:28.731"></status>
</kw>
<status status="PASS" starttime="20201210 14:07:28.613" endtime="20201210 14:07:28.731"></status>
</kw>
<status status="PASS" starttime="20201210 14:07:28.611" endtime="20201210 14:07:28.731"></status>
</kw>
<status status="PASS" starttime="20201210 14:07:28.607" endtime="20201210 14:07:28.732"></status>
</kw>
<kw name="${index} = 4" type="foritem">
<kw name="Get From List" library="Collections">
<doc>Returns the value specified with an ``index`` from ``list``.</doc>
<arguments>
<arg>${header_elements_list}</arg>
<arg>${index}</arg>
</arguments>
<assign>
<var>${header_element_to_check}</var>
</assign>
<msg timestamp="20201210 14:07:28.734" level="INFO">${header_element_to_check} = xpath=//*[contains(@class,'icon--header-shopping-list')]/ancestor::a</msg>
<status status="PASS" starttime="20201210 14:07:28.733" endtime="20201210 14:07:28.734"></status>
</kw>
<kw name="Run Keyword If" library="BuiltIn">
<doc>Runs the given keyword with the given arguments, if ``condition`` is true.</doc>
<arguments>
<arg>'${condition}' == 'true'</arg>
<arg>Run Keywords</arg>
<arg>Log</arg>
<arg>${header_element_to_check}</arg>
<arg>AND</arg>
<arg>Page Should Contain Element</arg>
<arg>${header_element_to_check}</arg>
<arg>message=${header_element_to_check} is not displayed</arg>
</arguments>
<status status="PASS" starttime="20201210 14:07:28.734" endtime="20201210 14:07:28.735"></status>
</kw>
<kw name="Run Keyword If" library="BuiltIn">
<doc>Runs the given keyword with the given arguments, if ``condition`` is true.</doc>
<arguments>
<arg>'${condition}' == 'false'</arg>
<arg>Run Keywords</arg>
<arg>Log</arg>
<arg>${header_element_to_check}</arg>
<arg>AND</arg>
<arg>Page Should Not Contain Element</arg>
<arg>${header_element_to_check}</arg>
<arg>message=${header_element_to_check} should not be displayed</arg>
</arguments>
<kw name="Run Keywords" library="BuiltIn">
<doc>Executes all the given keywords in a sequence.</doc>
<arguments>
<arg>Log</arg>
<arg>${header_element_to_check}</arg>
<arg>AND</arg>
<arg>Page Should Not Contain Element</arg>
<arg>${header_element_to_check}</arg>
<arg>message=${header_element_to_check} should not be displayed</arg>
</arguments>
<kw name="Log" library="BuiltIn">
<doc>Logs the given message with the given level.</doc>
<arguments>
<arg>${header_element_to_check}</arg>
</arguments>
<msg timestamp="20201210 14:07:28.740" level="INFO">xpath=//*[contains(@class,'icon--header-shopping-list')]/ancestor::a</msg>
<status status="PASS" starttime="20201210 14:07:28.739" endtime="20201210 14:07:28.740"></status>
</kw>
<kw name="Page Should Not Contain Element" library="SeleniumLibrary">
<doc>Verifies that element ``locator`` is not found on the current page.</doc>
<arguments>
<arg>${header_element_to_check}</arg>
<arg>message=${header_element_to_check} should not be displayed</arg>
</arguments>
<status status="PASS" starttime="20201210 14:07:28.741" endtime="20201210 14:07:28.783"></status>
</kw>
<status status="PASS" starttime="20201210 14:07:28.737" endtime="20201210 14:07:28.784"></status>
</kw>
<status status="PASS" starttime="20201210 14:07:28.736" endtime="20201210 14:07:28.784"></status>
</kw>
<status status="PASS" starttime="20201210 14:07:28.732" endtime="20201210 14:07:28.784"></status>
</kw>
<kw name="${index} = 5" type="foritem">
<kw name="Get From List" library="Collections">
<doc>Returns the value specified with an ``index`` from ``list``.</doc>
<arguments>
<arg>${header_elements_list}</arg>
<arg>${index}</arg>
</arguments>
<assign>
<var>${header_element_to_check}</var>
</assign>
<msg timestamp="20201210 14:07:28.786" level="INFO">${header_element_to_check} = xpath=//*[contains(@class,'icon--cart')]/ancestor::a</msg>
<status status="PASS" starttime="20201210 14:07:28.785" endtime="20201210 14:07:28.786"></status>
</kw>
<kw name="Run Keyword If" library="BuiltIn">
<doc>Runs the given keyword with the given arguments, if ``condition`` is true.</doc>
<arguments>
<arg>'${condition}' == 'true'</arg>
<arg>Run Keywords</arg>
<arg>Log</arg>
<arg>${header_element_to_check}</arg>
<arg>AND</arg>
<arg>Page Should Contain Element</arg>
<arg>${header_element_to_check}</arg>
<arg>message=${header_element_to_check} is not displayed</arg>
</arguments>
<status status="PASS" starttime="20201210 14:07:28.787" endtime="20201210 14:07:28.787"></status>
</kw>
<kw name="Run Keyword If" library="BuiltIn">
<doc>Runs the given keyword with the given arguments, if ``condition`` is true.</doc>
<arguments>
<arg>'${condition}' == 'false'</arg>
<arg>Run Keywords</arg>
<arg>Log</arg>
<arg>${header_element_to_check}</arg>
<arg>AND</arg>
<arg>Page Should Not Contain Element</arg>
<arg>${header_element_to_check}</arg>
<arg>message=${header_element_to_check} should not be displayed</arg>
</arguments>
<kw name="Run Keywords" library="BuiltIn">
<doc>Executes all the given keywords in a sequence.</doc>
<arguments>
<arg>Log</arg>
<arg>${header_element_to_check}</arg>
<arg>AND</arg>
<arg>Page Should Not Contain Element</arg>
<arg>${header_element_to_check}</arg>
<arg>message=${header_element_to_check} should not be displayed</arg>
</arguments>
<kw name="Log" library="BuiltIn">
<doc>Logs the given message with the given level.</doc>
<arguments>
<arg>${header_element_to_check}</arg>
</arguments>
<msg timestamp="20201210 14:07:28.790" level="INFO">xpath=//*[contains(@class,'icon--cart')]/ancestor::a</msg>
<status status="PASS" starttime="20201210 14:07:28.789" endtime="20201210 14:07:28.790"></status>
</kw>
<kw name="Page Should Not Contain Element" library="SeleniumLibrary">
<doc>Verifies that element ``locator`` is not found on the current page.</doc>
<arguments>
<arg>${header_element_to_check}</arg>
<arg>message=${header_element_to_check} should not be displayed</arg>
</arguments>
<status status="PASS" starttime="20201210 14:07:28.791" endtime="20201210 14:07:28.816"></status>
</kw>
<status status="PASS" starttime="20201210 14:07:28.788" endtime="20201210 14:07:28.816"></status>
</kw>
<status status="PASS" starttime="20201210 14:07:28.788" endtime="20201210 14:07:28.816"></status>
</kw>
<status status="PASS" starttime="20201210 14:07:28.784" endtime="20201210 14:07:28.817"></status>
</kw>
<status status="PASS" starttime="20201210 14:07:28.503" endtime="20201210 14:07:28.817"></status>
</kw>
<status status="PASS" starttime="20201210 14:07:28.499" endtime="20201210 14:07:28.817"></status>
</kw>
<kw name="Yves: go to PDP of the product with sku:" library="Common_Yves">
<arguments>
<arg>M70208</arg>
</arguments>
<kw name="Yves: perform search by:" library="Header_steps">
<arguments>
<arg>${sku}</arg>
</arguments>
<kw name="Wait Until Element Is Visible" library="SeleniumLibrary">
<doc>Waits until the element ``locator`` is visible.</doc>
<arguments>
<arg>${search_form_header_menu_item}</arg>
</arguments>
<status status="PASS" starttime="20201210 14:07:28.820" endtime="20201210 14:07:28.870"></status>
</kw>
<kw name="Input Text" library="SeleniumLibrary">
<doc>Types the given ``text`` into the text field identified by ``locator``.</doc>
<arguments>
<arg>${search_form_header_menu_item}</arg>
<arg>${searchTerm}</arg>
</arguments>
<status status="PASS" starttime="20201210 14:07:28.871" endtime="20201210 14:07:28.996"></status>
</kw>
<kw name="Press Keys" library="SeleniumLibrary">
<doc>Simulates the user pressing key(s) to an element or on the active browser.</doc>
<arguments>
<arg>None</arg>
<arg>RETURN</arg>
</arguments>
<status status="PASS" starttime="20201210 14:07:28.997" endtime="20201210 14:07:29.680"></status>
</kw>
<kw name="Wait For Document Ready" library="SeleniumLibrary">
<tags>
<tag>plugin</tag>
</tags>
<doc>Explicit waits until document.readyState is complete.</doc>
<status status="PASS" starttime="20201210 14:07:29.681" endtime="20201210 14:07:29.692"></status>
</kw>
<status status="PASS" starttime="20201210 14:07:28.819" endtime="20201210 14:07:29.692"></status>
</kw>
<kw name="Wait Until Page Contains Element" library="SeleniumLibrary">
<doc>Waits until the element ``locator`` appears on the current page.</doc>
<arguments>
<arg>${catalog_product_card_locator}</arg>
</arguments>
<status status="PASS" starttime="20201210 14:07:29.693" endtime="20201210 14:07:29.753"></status>
</kw>
<kw name="Wait For Document Ready" library="SeleniumLibrary">
<tags>
<tag>plugin</tag>
</tags>
<doc>Explicit waits until document.readyState is complete.</doc>
<status status="PASS" starttime="20201210 14:07:29.755" endtime="20201210 14:07:29.763"></status>
</kw>
<kw name="Scroll and Click Element" library="Common">
<arguments>
<arg>${catalog_product_card_locator}</arg>
</arguments>
<kw name="Scroll Element Into View" library="SeleniumLibrary">
<doc>Scrolls the element identified by ``locator`` into view.</doc>
<arguments>
<arg>${locator}</arg>
</arguments>
<status status="PASS" starttime="20201210 14:07:29.765" endtime="20201210 14:07:35.064"></status>
</kw>
<kw name="Click Element" library="SeleniumLibrary">
<doc>Click the element identified by ``locator``.</doc>
<arguments>
<arg>${locator}</arg>
</arguments>
<status status="PASS" starttime="20201210 14:07:35.066" endtime="20201210 14:07:35.135"></status>
</kw>
<status status="PASS" starttime="20201210 14:07:29.764" endtime="20201210 14:07:35.136"></status>
</kw>
<kw name="Wait For Document Ready" library="SeleniumLibrary">
<tags>
<tag>plugin</tag>
</tags>
<doc>Explicit waits until document.readyState is complete.</doc>
<status status="PASS" starttime="20201210 14:07:35.136" endtime="20201210 14:07:35.148"></status>
</kw>
<kw name="Wait Until Page Contains Element" library="SeleniumLibrary">
<doc>Waits until the element ``locator`` appears on the current page.</doc>
<arguments>
<arg>${pdp_main_container_locator}</arg>
</arguments>
<msg timestamp="20201210 14:07:40.289" level="FAIL">Element 'xpath=//main[contains(@class,'page-layout-main--pdp')]//div[@class='container']' did not appear in 5 seconds.</msg>
<status status="FAIL" starttime="20201210 14:07:35.150" endtime="20201210 14:07:40.289"></status>
</kw>
<status status="FAIL" starttime="20201210 14:07:28.818" endtime="20201210 14:07:40.290"></status>
</kw>
<kw name="TestTeardown" library="Common" type="teardown">
<kw name="Delete All Cookies" library="SeleniumLibrary">
<doc>Deletes all cookies.</doc>
<status status="PASS" starttime="20201210 14:07:40.292" endtime="20201210 14:07:40.306"></status>
</kw>
<status status="PASS" starttime="20201210 14:07:40.291" endtime="20201210 14:07:40.307"></status>
</kw>
<doc>Checks that guest users are not able to see: Prices, Availability, Quick Order, "My Account" features</doc>
<status status="FAIL" starttime="20201210 14:07:27.075" endtime="20201210 14:07:40.308" critical="yes">Element 'xpath=//main[contains(@class,'page-layout-main--pdp')]//div[@class='container']' did not appear in 5 seconds.</status>
</test>
<test id="s1-t2" name="Share_Shopping_Lists">
<kw name="TestSetup" library="Common" type="setup">
<kw name="Delete All Cookies" library="SeleniumLibrary">
<doc>Deletes all cookies.</doc>
<status status="PASS" starttime="20201210 14:07:40.310" endtime="20201210 14:07:40.316"></status>
</kw>
<kw name="Go To" library="SeleniumLibrary">
<doc>Navigates the current browser window to the provided ``url``.</doc>
<arguments>
<arg>${host}</arg>
</arguments>
<status status="PASS" starttime="20201210 14:07:40.317" endtime="20201210 14:07:41.698"></status>
</kw>
<status status="PASS" starttime="20201210 14:07:40.309" endtime="20201210 14:07:41.699"></status>
</kw>
<kw name="Yves: login on Yves with provided credentials:" library="Common_Yves">
<arguments>
<arg>sonia@spryker.com</arg>
</arguments>
<kw name="Get Location" library="SeleniumLibrary">
<doc>Returns the current browser window URL.</doc>
<assign>
<var>${currentURL}</var>
</assign>
<msg timestamp="20201210 14:07:41.714" level="INFO">${currentURL} = https://www.de.b2b.demo-spryker.com/</msg>
<status status="PASS" starttime="20201210 14:07:41.701" endtime="20201210 14:07:41.714"></status>
</kw>
<kw name="Run Keyword Unless" library="BuiltIn">
<doc>Runs the given keyword with the given arguments if ``condition`` is false.</doc>
<arguments>
<arg>'/login' in '${currentURL}'</arg>
<arg>Run Keywords</arg>
<arg>Go To</arg>
<arg>${host}</arg>
<arg>AND</arg>
<arg>delete all cookies</arg>
<arg>AND</arg>
<arg>Reload Page</arg>
<arg>AND</arg>
<arg>Wait Until Element Is Visible</arg>
<arg>${header_login_button}</arg>
<arg>AND</arg>
<arg>Click Element</arg>
<arg>${header_login_button}</arg>
<arg>AND</arg>
<arg>Wait Until Element Is Visible</arg>
<arg>${email_field}</arg>
</arguments>
<kw name="Run Keywords" library="BuiltIn">
<doc>Executes all the given keywords in a sequence.</doc>
<arguments>
<arg>Go To</arg>
<arg>${host}</arg>
<arg>AND</arg>
<arg>delete all cookies</arg>
<arg>AND</arg>
<arg>Reload Page</arg>
<arg>AND</arg>
<arg>Wait Until Element Is Visible</arg>
<arg>${header_login_button}</arg>
<arg>AND</arg>
<arg>Click Element</arg>
<arg>${header_login_button}</arg>
<arg>AND</arg>
<arg>Wait Until Element Is Visible</arg>
<arg>${email_field}</arg>
</arguments>
<kw name="Go To" library="SeleniumLibrary">
<doc>Navigates the current browser window to the provided ``url``.</doc>
<arguments>
<arg>${host}</arg>
</arguments>
<status status="PASS" starttime="20201210 14:07:41.718" endtime="20201210 14:07:43.024"></status>
</kw>
<kw name="Delete All Cookies" library="SeleniumLibrary">
<doc>Deletes all cookies.</doc>
<status status="PASS" starttime="20201210 14:07:43.026" endtime="20201210 14:07:43.040"></status>
</kw>
<kw name="Reload Page" library="SeleniumLibrary">
<doc>Simulates user reloading page.</doc>
<status status="PASS" starttime="20201210 14:07:43.041" endtime="20201210 14:07:44.349"></status>
</kw>
<kw name="Wait Until Element Is Visible" library="SeleniumLibrary">
<doc>Waits until the element ``locator`` is visible.</doc>
<arguments>
<arg>${header_login_button}</arg>
</arguments>
<status status="PASS" starttime="20201210 14:07:44.350" endtime="20201210 14:07:44.525"></status>
</kw>
<kw name="Click Element" library="SeleniumLibrary">
<doc>Click the element identified by ``locator``.</doc>
<arguments>
<arg>${header_login_button}</arg>
</arguments>
<status status="PASS" starttime="20201210 14:07:44.526" endtime="20201210 14:07:45.075"></status>
</kw>
<kw name="Wait Until Element Is Visible" library="SeleniumLibrary">
<doc>Waits until the element ``locator`` is visible.</doc>
<arguments>
<arg>${email_field}</arg>
</arguments>
<status status="PASS" starttime="20201210 14:07:45.076" endtime="20201210 14:07:45.167"></status>
</kw>
<status status="PASS" starttime="20201210 14:07:41.717" endtime="20201210 14:07:45.167"></status>
</kw>
<status status="PASS" starttime="20201210 14:07:41.715" endtime="20201210 14:07:45.168"></status>
</kw>
<kw name="Input Text" library="SeleniumLibrary">
<doc>Types the given ``text`` into the text field identified by ``locator``.</doc>
<arguments>
<arg>${email_field}</arg>
<arg>${email}</arg>
</arguments>
<status status="PASS" starttime="20201210 14:07:45.168" endtime="20201210 14:07:45.291"></status>
</kw>
<kw name="Input Text" library="SeleniumLibrary">
<doc>Types the given ``text`` into the text field identified by ``locator``.</doc>
<arguments>
<arg>${password_field}</arg>
<arg>${password}</arg>
</arguments>
<status status="PASS" starttime="20201210 14:07:45.292" endtime="20201210 14:07:45.411"></status>
</kw>
<kw name="Scroll and Click Element" library="Common">
<arguments>
<arg>${form_login_button}</arg>
</arguments>
<kw name="Scroll Element Into View" library="SeleniumLibrary">
<doc>Scrolls the element identified by ``locator`` into view.</doc>
<arguments>
<arg>${locator}</arg>
</arguments>
<status status="PASS" starttime="20201210 14:07:45.413" endtime="20201210 14:07:49.870"></status>
</kw>
<kw name="Click Element" library="SeleniumLibrary">
<doc>Click the element identified by ``locator``.</doc>
<arguments>
<arg>${locator}</arg>
</arguments>
<status status="PASS" starttime="20201210 14:07:49.871" endtime="20201210 14:07:51.954"></status>
</kw>
<status status="PASS" starttime="20201210 14:07:45.412" endtime="20201210 14:07:51.955"></status>
</kw>
<kw name="Run Keyword Unless" library="BuiltIn">
<doc>Runs the given keyword with the given arguments if ``condition`` is false.</doc>
<arguments>
<arg>'fake' in '${email}' or 'agent' in '${email}'</arg>
<arg>Wait Until Element Is Visible</arg>
<arg>${user_navigation_icon_header_menu_item}</arg>
<arg>${loading_time}</arg>
<arg>Login Failed!</arg>
</arguments>
<kw name="Wait Until Element Is Visible" library="SeleniumLibrary">
<doc>Waits until the element ``locator`` is visible.</doc>
<arguments>
<arg>${user_navigation_icon_header_menu_item}</arg>
<arg>${loading_time}</arg>
<arg>Login Failed!</arg>
</arguments>
<status status="PASS" starttime="20201210 14:07:51.957" endtime="20201210 14:07:52.033"></status>
</kw>
<status status="PASS" starttime="20201210 14:07:51.956" endtime="20201210 14:07:52.034"></status>
</kw>
<kw name="Run Keyword If" library="BuiltIn">
<doc>Runs the given keyword with the given arguments, if ``condition`` is true.</doc>
<arguments>
<arg>'agent' in '${email}'</arg>
<arg>Yves: header contains/doesn't contain:</arg>
<arg>true</arg>
<arg>${customerSearchWidget}</arg>
</arguments>
<status status="PASS" starttime="20201210 14:07:52.035" endtime="20201210 14:07:52.035"></status>
</kw>
<kw name="Yves: remove flash messages" library="Common_Yves">
<kw name="Run Keyword And Ignore Error" library="BuiltIn">
<doc>Runs the given keyword with the given arguments and ignores possible error.</doc>
<arguments>
<arg>Wait Until Page Contains Element</arg>
<arg>${notification_area}</arg>
<arg>1s</arg>
</arguments>
<assign>
<var>${flash_massage_state}</var>
</assign>
<kw name="Wait Until Page Contains Element" library="SeleniumLibrary">
<doc>Waits until the element ``locator`` appears on the current page.</doc>
<arguments>
<arg>${notification_area}</arg>
<arg>1s</arg>
</arguments>
<status status="PASS" starttime="20201210 14:07:52.038" endtime="20201210 14:07:52.062"></status>
</kw>
<msg timestamp="20201210 14:07:52.063" level="INFO">${flash_massage_state} = ('PASS', None)</msg>
<status status="PASS" starttime="20201210 14:07:52.037" endtime="20201210 14:07:52.063"></status>
</kw>
<kw name="Log" library="BuiltIn">
<doc>Logs the given message with the given level.</doc>
<arguments>
<arg>${flash_massage_state}</arg>
</arguments>
<msg timestamp="20201210 14:07:52.064" level="INFO">('PASS', None)</msg>
<status status="PASS" starttime="20201210 14:07:52.064" endtime="20201210 14:07:52.064"></status>
</kw>
<kw name="Run Keyword If" library="BuiltIn">
<doc>Runs the given keyword with the given arguments, if ``condition`` is true.</doc>
<arguments>
<arg>'PASS' in ${flash_massage_state}</arg>
<arg>Remove element from HTML with JavaScript</arg>
<arg>//section[@data-qa='component notification-area']</arg>
</arguments>
<kw name="Remove element from HTML with JavaScript" library="Common">
<arguments>
<arg>//section[@data-qa='component notification-area']</arg>
</arguments>
<kw name="Execute Javascript" library="SeleniumLibrary">
<doc>Executes the given JavaScript code with possible arguments.</doc>
<arguments>
<arg>var element=document.evaluate("${xpath}", document, null, XPathResult.FIRST_ORDERED_NODE_TYPE, null).singleNodeValue;</arg>
<arg>element.parentNode.removeChild(element);</arg>
</arguments>
<status status="PASS" starttime="20201210 14:07:52.067" endtime="20201210 14:07:52.077"></status>
</kw>
<status status="PASS" starttime="20201210 14:07:52.066" endtime="20201210 14:07:52.077"></status>
</kw>
<status status="PASS" starttime="20201210 14:07:52.065" endtime="20201210 14:07:52.078"></status>
</kw>
<status status="PASS" starttime="20201210 14:07:52.036" endtime="20201210 14:07:52.078"></status>
</kw>
<kw name="Wait For Document Ready" library="SeleniumLibrary">
<tags>
<tag>plugin</tag>
</tags>
<doc>Explicit waits until document.readyState is complete.</doc>
<status status="PASS" starttime="20201210 14:07:52.079" endtime="20201210 14:07:52.089"></status>
</kw>
<status status="PASS" starttime="20201210 14:07:41.700" endtime="20201210 14:07:52.090"></status>
</kw>
<kw name="Yves: go to 'Shopping Lists' page through the header" library="Header_steps">
<kw name="Run Keyword If" library="BuiltIn">
<doc>Runs the given keyword with the given arguments, if ``condition`` is true.</doc>
<arguments>
<arg>'${pageName}' == 'Shopping Lists'</arg>
<arg>Go to 'Shopping Lists' page</arg>
<arg>ELSE IF</arg>
<arg>'${pageName}' == 'Shopping Carts'</arg>
<arg>Go to 'Shopping Carts' page</arg>
<arg>ELSE IF</arg>
<arg>'${pageName}' == 'Quick Order'</arg>
<arg>Go to 'Quick Order' page</arg>
<arg>ELSE IF</arg>
<arg>'${pageName}' == 'Quote Requests'</arg>
<arg>Go to 'Quote Requests' page</arg>
</arguments>
<kw name="Go to 'Shopping Lists' page" library="Shopping_Lists_steps">
<kw name="Mouse Over" library="SeleniumLibrary">
<doc>Simulates hovering the mouse over the element ``locator``.</doc>
<arguments>
<arg>${shopping_list_icon_header_menu_item}</arg>
</arguments>
<status status="PASS" starttime="20201210 14:07:52.094" endtime="20201210 14:07:55.190"></status>
</kw>
<kw name="Wait Until Page Contains Element" library="SeleniumLibrary">
<doc>Waits until the element ``locator`` appears on the current page.</doc>
<arguments>
<arg>${shopping_list_sub_navigation_widget}</arg>
</arguments>
<status status="PASS" starttime="20201210 14:07:55.191" endtime="20201210 14:07:55.216"></status>
</kw>
<kw name="Click Element with JavaScript" library="Common">
<arguments>
<arg>${shopping_list_sub_navigation_all_lists_button}</arg>
</arguments>
<kw name="Execute Javascript" library="SeleniumLibrary">
<doc>Executes the given JavaScript code with possible arguments.</doc>
<arguments>
<arg>document.evaluate("${xpath}", document, null, XPathResult.FIRST_ORDERED_NODE_TYPE, null).singleNodeValue.click()</arg>
</arguments>
<status status="PASS" starttime="20201210 14:07:55.218" endtime="20201210 14:07:56.242"></status>
</kw>
<status status="PASS" starttime="20201210 14:07:55.217" endtime="20201210 14:07:56.243"></status>
</kw>
<kw name="Wait For Document Ready" library="SeleniumLibrary">
<tags>
<tag>plugin</tag>
</tags>
<doc>Explicit waits until document.readyState is complete.</doc>
<status status="PASS" starttime="20201210 14:07:56.244" endtime="20201210 14:07:56.251"></status>
</kw>
<status status="PASS" starttime="20201210 14:07:52.093" endtime="20201210 14:07:56.252"></status>
</kw>
<status status="PASS" starttime="20201210 14:07:52.091" endtime="20201210 14:07:56.253"></status>
</kw>
<status status="PASS" starttime="20201210 14:07:52.090" endtime="20201210 14:07:56.253"></status>
</kw>
<kw name="Yves: 'Shopping Lists' page is displayed" library="Common_Yves">
<kw name="Run Keyword If" library="BuiltIn">
<doc>Runs the given keyword with the given arguments, if ``condition`` is true.</doc>
<arguments>
<arg>'${pageName}' == 'Company Users'</arg>
<arg>Page Should Contain Element</arg>
<arg>${company_users_main_content_locator}</arg>
<arg>${pageName} page is not displayed</arg>
<arg>ELSE IF</arg>
<arg>'${pageName}' == 'Shopping Lists'</arg>
<arg>Page Should Contain Element</arg>
<arg>${shopping_lists_main_content_locator}</arg>
<arg>${pageName} page is not displayed</arg>
<arg>ELSE IF</arg>
<arg>'${pageName}' == 'Shopping List'</arg>
<arg>Page Should Contain Element</arg>
<arg>${shopping_list_main_content_locator}</arg>
<arg>${pageName} page is not displayed</arg>
<arg>ELSE IF</arg>
<arg>'${pageName}' == 'Shopping Cart'</arg>
<arg>Page Should Contain Element</arg>
<arg>${shopping_cart_main_content_locator}</arg>
<arg>${pageName} page is not displayed</arg>
<arg>ELSE IF</arg>
<arg>'${pageName}' == 'Shopping Carts'</arg>
<arg>Page Should Contain Element</arg>
<arg>${shopping_carts_main_content_locator}</arg>
<arg>${pageName} page is not displayed</arg>
<arg>ELSE IF</arg>
<arg>'${pageName}' == 'Quick Order'</arg>
<arg>Page Should Contain Element</arg>
<arg>${quick_order_main_content_locator}</arg>
<arg>${pageName} page is not displayed</arg>
<arg>ELSE IF</arg>
<arg>'${pageName}' == 'Thank you'</arg>
<arg>Page Should Contain Element</arg>
<arg>${success_page_main_container_locator}</arg>
<arg>${pageName} page is not displayed</arg>
<arg>ELSE IF</arg>
<arg>'${pageName}' == 'Order History'</arg>
<arg>Page Should Contain Element</arg>
<arg>${order_history_main_content_locator}</arg>
<arg>${pageName} page is not displayed</arg>
<arg>ELSE IF</arg>
<arg>'${pageName}' == 'Order Details'</arg>
<arg>Page Should Contain Element</arg>
<arg>${order_details_main_content_locator}</arg>
<arg>${pageName} page is not displayed</arg>
<arg>ELSE IF</arg>
<arg>'${pageName}' == 'Select Business Unit'</arg>
<arg>Page Should Contain Element</arg>
<arg>${customer_account_business_unit_selector}</arg>
<arg>${pageName} page is not displayed</arg>
<arg>ELSE IF</arg>
<arg>'${pageName}' == 'Summary'</arg>
<arg>Page Should Contain Element</arg>
<arg>${checkout_summary_main_content_locator}</arg>
<arg>${pageName} page is not displayed</arg>
<arg>ELSE IF</arg>
<arg>'${pageName}' == 'Quote Requests'</arg>
<arg>Page Should Contain Element</arg>
<arg>${quote_requests_main_content_locator}</arg>
<arg>${pageName} page is not displayed</arg>
<arg>ELSE IF</arg>
<arg>'${pageName}' == 'Quote Request Details'</arg>
<arg>Page Should Contain Element</arg>
<arg>${quote_request_main_content_locator}</arg>
<arg>${pageName} page is not displayed</arg>
<arg>ELSE IF</arg>
<arg>'${pageName}' == 'Choose Bundle to configure'</arg>
<arg>Page Should Contain Element</arg>
<arg>${choose_bundle_main_content_locator}</arg>
<arg>${pageName} page is not displayed</arg>
</arguments>
<kw name="Page Should Contain Element" library="SeleniumLibrary">
<doc>Verifies that element ``locator`` is found on the current page.</doc>
<arguments>
<arg>${shopping_lists_main_content_locator}</arg>
<arg>${pageName} page is not displayed</arg>
</arguments>
<status status="PASS" starttime="20201210 14:07:56.256" endtime="20201210 14:07:56.334"></status>
</kw>
<status status="PASS" starttime="20201210 14:07:56.255" endtime="20201210 14:07:56.335"></status>
</kw>
<status status="PASS" starttime="20201210 14:07:56.254" endtime="20201210 14:07:56.335"></status>
</kw>
<kw name="Yves: create new 'Shopping List' with name:" library="Shopping_Lists_steps">
<arguments>
<arg>shoppingListName+${random}</arg>
</arguments>
<kw name="Get Location" library="SeleniumLibrary">
<doc>Returns the current browser window URL.</doc>
<assign>
<var>${currentURL}</var>
</assign>
<msg timestamp="20201210 14:07:56.344" level="INFO">${currentURL} = https://www.de.b2b.demo-spryker.com/en/shopping-list</msg>
<status status="PASS" starttime="20201210 14:07:56.337" endtime="20201210 14:07:56.344"></status>
</kw>
<kw name="Run Keyword Unless" library="BuiltIn">
<doc>Runs the given keyword with the given arguments if ``condition`` is false.</doc>
<arguments>
<arg>'/shopping-list' in '${currentURL}'</arg>
<arg>Go To</arg>
<arg>${host}shopping-list</arg>
</arguments>
<status status="PASS" starttime="20201210 14:07:56.345" endtime="20201210 14:07:56.347"></status>
</kw>
<kw name="Input Text" library="SeleniumLibrary">
<doc>Types the given ``text`` into the text field identified by ``locator``.</doc>
<arguments>
<arg>${shopping_list_name_input_field}</arg>
<arg>${shoppingListName}</arg>
</arguments>
<status status="PASS" starttime="20201210 14:07:56.348" endtime="20201210 14:07:56.493"></status>
</kw>
<kw name="Scroll and Click Element" library="Common">
<arguments>
<arg>${create_shopping_list_button}</arg>
</arguments>
<kw name="Scroll Element Into View" library="SeleniumLibrary">
<doc>Scrolls the element identified by ``locator`` into view.</doc>
<arguments>
<arg>${locator}</arg>
</arguments>
<status status="PASS" starttime="20201210 14:07:56.495" endtime="20201210 14:08:01.796"></status>
</kw>
<kw name="Click Element" library="SeleniumLibrary">
<doc>Click the element identified by ``locator``.</doc>
<arguments>
<arg>${locator}</arg>
</arguments>
<status status="PASS" starttime="20201210 14:08:01.796" endtime="20201210 14:08:03.019"></status>
</kw>
<status status="PASS" starttime="20201210 14:07:56.494" endtime="20201210 14:08:03.020"></status>
</kw>
<kw name="Wait For Document Ready" library="SeleniumLibrary">
<tags>
<tag>plugin</tag>
</tags>
<doc>Explicit waits until document.readyState is complete.</doc>
<status status="PASS" starttime="20201210 14:08:03.021" endtime="20201210 14:08:03.032"></status>
</kw>
<status status="PASS" starttime="20201210 14:07:56.336" endtime="20201210 14:08:03.033"></status>
</kw>
<kw name="Yves: the following shopping list is shown:" library="Shopping_Lists_steps">
<arguments>
<arg>shoppingListName+${random}</arg>
<arg>Sonia Wagner</arg>
<arg>Full access</arg>
</arguments>
<kw name="Page Should Contain Element" library="SeleniumLibrary">
<doc>Verifies that element ``locator`` is found on the current page.</doc>
<arguments>
<arg>xpath=//*[@data-qa="component shopping-list-overview-table"]//table//td[@data-content='Access'][contains(.,'${shoppingListAccess}')]/../td[@data-content='Owner'][contains(.,'${shoppingListOwner}')]/../td[@data-content='Name'][contains(.,'${shoppingListName}')]</arg>
</arguments>
<status status="PASS" starttime="20201210 14:08:03.036" endtime="20201210 14:08:03.124"></status>
</kw>
<status status="PASS" starttime="20201210 14:08:03.034" endtime="20201210 14:08:03.124"></status>
</kw>
<kw name="Yves: share shopping list with user:" library="Shopping_Lists_steps">
<arguments>
<arg>shoppingListName+${random}</arg>
<arg>Karl Schmid</arg>
<arg>Full access</arg>
</arguments>
<kw name="Share shopping list with name:" library="Yves_Shopping_Lists_page">
<arguments>
<arg>${shoppingListName}</arg>
</arguments>
<kw name="Scroll and Click Element" library="Common">
<arguments>
<arg>xpath=//*[@data-qa="component shopping-list-overview-table"]//table//td[@data-content='Name'][contains(.,'${shoppingListName}')]/..//div[@data-qa='component table-action-list']//a[contains(.,'Share')]</arg>
</arguments>
<kw name="Scroll Element Into View" library="SeleniumLibrary">
<doc>Scrolls the element identified by ``locator`` into view.</doc>
<arguments>
<arg>${locator}</arg>
</arguments>
<status status="PASS" starttime="20201210 14:08:03.128" endtime="20201210 14:08:07.119"></status>
</kw>
<kw name="Click Element" library="SeleniumLibrary">
<doc>Click the element identified by ``locator``.</doc>
<arguments>
<arg>${locator}</arg>
</arguments>
<status status="PASS" starttime="20201210 14:08:07.120" endtime="20201210 14:08:09.094"></status>
</kw>
<status status="PASS" starttime="20201210 14:08:03.127" endtime="20201210 14:08:09.095"></status>
</kw>
<status status="PASS" starttime="20201210 14:08:03.126" endtime="20201210 14:08:09.095"></status>
</kw>
<kw name="Select access level to share shopping list with:" library="Yves_Shopping_Lists_page">
<arguments>
<arg>${customer}</arg>
<arg>${accessLevel}</arg>
</arguments>
<kw name="Select From List By Label" library="SeleniumLibrary">
<doc>Selects options from selection list ``locator`` by ``labels``.</doc>
<arguments>
<arg>xpath=//div[@data-qa="component company-dashbord-item"]//*[text()='Customer']/../../div[@data-qa='component share-list']//li[contains(.,'${customerToShareWith}')]//select</arg>
<arg>${accessLevel}</arg>
</arguments>
<status status="PASS" starttime="20201210 14:08:09.097" endtime="20201210 14:08:09.278"></status>
</kw>
<status status="PASS" starttime="20201210 14:08:09.096" endtime="20201210 14:08:09.279"></status>
</kw>
<kw name="Scroll and Click Element" library="Common">
<arguments>
<arg>${share_shopping_list_confirm_button}</arg>
</arguments>
<kw name="Scroll Element Into View" library="SeleniumLibrary">
<doc>Scrolls the element identified by ``locator`` into view.</doc>
<arguments>
<arg>${locator}</arg>
</arguments>
<status status="PASS" starttime="20201210 14:08:09.281" endtime="20201210 14:08:12.449"></status>
</kw>
<kw name="Click Element" library="SeleniumLibrary">
<doc>Click the element identified by ``locator``.</doc>
<arguments>
<arg>${locator}</arg>
</arguments>
<status status="PASS" starttime="20201210 14:08:12.451" endtime="20201210 14:08:14.087"></status>
</kw>
<status status="PASS" starttime="20201210 14:08:09.280" endtime="20201210 14:08:14.088"></status>
</kw>
<kw name="Yves: 'Shopping Lists' page is displayed" library="Common_Yves">
<kw name="Run Keyword If" library="BuiltIn">
<doc>Runs the given keyword with the given arguments, if ``condition`` is true.</doc>
<arguments>
<arg>'${pageName}' == 'Company Users'</arg>
<arg>Page Should Contain Element</arg>
<arg>${company_users_main_content_locator}</arg>
<arg>${pageName} page is not displayed</arg>
<arg>ELSE IF</arg>
<arg>'${pageName}' == 'Shopping Lists'</arg>
<arg>Page Should Contain Element</arg>
<arg>${shopping_lists_main_content_locator}</arg>
<arg>${pageName} page is not displayed</arg>
<arg>ELSE IF</arg>
<arg>'${pageName}' == 'Shopping List'</arg>
<arg>Page Should Contain Element</arg>
<arg>${shopping_list_main_content_locator}</arg>
<arg>${pageName} page is not displayed</arg>
<arg>ELSE IF</arg>
<arg>'${pageName}' == 'Shopping Cart'</arg>
<arg>Page Should Contain Element</arg>
<arg>${shopping_cart_main_content_locator}</arg>
<arg>${pageName} page is not displayed</arg>
<arg>ELSE IF</arg>
<arg>'${pageName}' == 'Shopping Carts'</arg>
<arg>Page Should Contain Element</arg>
<arg>${shopping_carts_main_content_locator}</arg>
<arg>${pageName} page is not displayed</arg>
<arg>ELSE IF</arg>
<arg>'${pageName}' == 'Quick Order'</arg>
<arg>Page Should Contain Element</arg>
<arg>${quick_order_main_content_locator}</arg>
<arg>${pageName} page is not displayed</arg>
<arg>ELSE IF</arg>
<arg>'${pageName}' == 'Thank you'</arg>
<arg>Page Should Contain Element</arg>
<arg>${success_page_main_container_locator}</arg>
<arg>${pageName} page is not displayed</arg>
<arg>ELSE IF</arg>
<arg>'${pageName}' == 'Order History'</arg>
<arg>Page Should Contain Element</arg>
<arg>${order_history_main_content_locator}</arg>
<arg>${pageName} page is not displayed</arg>
<arg>ELSE IF</arg>
<arg>'${pageName}' == 'Order Details'</arg>
<arg>Page Should Contain Element</arg>
<arg>${order_details_main_content_locator}</arg>
<arg>${pageName} page is not displayed</arg>
<arg>ELSE IF</arg>
<arg>'${pageName}' == 'Select Business Unit'</arg>
<arg>Page Should Contain Element</arg>
<arg>${customer_account_business_unit_selector}</arg>
<arg>${pageName} page is not displayed</arg>
<arg>ELSE IF</arg>
<arg>'${pageName}' == 'Summary'</arg>
<arg>Page Should Contain Element</arg>
<arg>${checkout_summary_main_content_locator}</arg>
<arg>${pageName} page is not displayed</arg>
<arg>ELSE IF</arg>
<arg>'${pageName}' == 'Quote Requests'</arg>
<arg>Page Should Contain Element</arg>
<arg>${quote_requests_main_content_locator}</arg>
<arg>${pageName} page is not displayed</arg>
<arg>ELSE IF</arg>
<arg>'${pageName}' == 'Quote Request Details'</arg>
<arg>Page Should Contain Element</arg>
<arg>${quote_request_main_content_locator}</arg>
<arg>${pageName} page is not displayed</arg>
<arg>ELSE IF</arg>
<arg>'${pageName}' == 'Choose Bundle to configure'</arg>
<arg>Page Should Contain Element</arg>
<arg>${choose_bundle_main_content_locator}</arg>
<arg>${pageName} page is not displayed</arg>
</arguments>
<kw name="Page Should Contain Element" library="SeleniumLibrary">
<doc>Verifies that element ``locator`` is found on the current page.</doc>
<arguments>
<arg>${shopping_lists_main_content_locator}</arg>
<arg>${pageName} page is not displayed</arg>
</arguments>
<status status="PASS" starttime="20201210 14:08:14.091" endtime="20201210 14:08:14.174"></status>
</kw>
<status status="PASS" starttime="20201210 14:08:14.090" endtime="20201210 14:08:14.175"></status>
</kw>
<status status="PASS" starttime="20201210 14:08:14.089" endtime="20201210 14:08:14.175"></status>
</kw>
<kw name="Yves: flash message 'should' be shown" library="Common_Yves">
<kw name="Run Keyword If" library="BuiltIn">
<doc>Runs the given keyword with the given arguments, if ``condition`` is true.</doc>
<arguments>
<arg>'${condition}' == 'should'</arg>
<arg>Wait Until Element Is Visible</arg>
<arg>${notification_area}</arg>
<arg>${loading_time}</arg>
<arg>ELSE</arg>
<arg>Page Should Not Contain Element</arg>
<arg>${notification_area}</arg>
</arguments>
<kw name="Wait Until Element Is Visible" library="SeleniumLibrary">
<doc>Waits until the element ``locator`` is visible.</doc>
<arguments>
<arg>${notification_area}</arg>
<arg>${loading_time}</arg>
</arguments>
<status status="PASS" starttime="20201210 14:08:14.178" endtime="20201210 14:08:14.221"></status>
</kw>
<status status="PASS" starttime="20201210 14:08:14.177" endtime="20201210 14:08:14.223"></status>
</kw>
<status status="PASS" starttime="20201210 14:08:14.176" endtime="20201210 14:08:14.224"></status>
</kw>
<status status="PASS" starttime="20201210 14:08:03.125" endtime="20201210 14:08:14.224"></status>
</kw>
<kw name="Yves: login on Yves with provided credentials:" library="Common_Yves">
<arguments>
<arg>karl@spryker.com</arg>
</arguments>
<kw name="Get Location" library="SeleniumLibrary">
<doc>Returns the current browser window URL.</doc>
<assign>
<var>${currentURL}</var>
</assign>
<msg timestamp="20201210 14:08:14.235" level="INFO">${currentURL} = https://www.de.b2b.demo-spryker.com/en/shopping-list</msg>
<status status="PASS" starttime="20201210 14:08:14.227" endtime="20201210 14:08:14.235"></status>
</kw>
<kw name="Run Keyword Unless" library="BuiltIn">
<doc>Runs the given keyword with the given arguments if ``condition`` is false.</doc>
<arguments>
<arg>'/login' in '${currentURL}'</arg>
<arg>Run Keywords</arg>
<arg>Go To</arg>
<arg>${host}</arg>
<arg>AND</arg>
<arg>delete all cookies</arg>
<arg>AND</arg>
<arg>Reload Page</arg>
<arg>AND</arg>
<arg>Wait Until Element Is Visible</arg>
<arg>${header_login_button}</arg>
<arg>AND</arg>
<arg>Click Element</arg>
<arg>${header_login_button}</arg>
<arg>AND</arg>
<arg>Wait Until Element Is Visible</arg>
<arg>${email_field}</arg>
</arguments>
<kw name="Run Keywords" library="BuiltIn">
<doc>Executes all the given keywords in a sequence.</doc>
<arguments>
<arg>Go To</arg>
<arg>${host}</arg>
<arg>AND</arg>
<arg>delete all cookies</arg>
<arg>AND</arg>
<arg>Reload Page</arg>
<arg>AND</arg>
<arg>Wait Until Element Is Visible</arg>
<arg>${header_login_button}</arg>
<arg>AND</arg>
<arg>Click Element</arg>
<arg>${header_login_button}</arg>
<arg>AND</arg>
<arg>Wait Until Element Is Visible</arg>
<arg>${email_field}</arg>
</arguments>
<kw name="Go To" library="SeleniumLibrary">
<doc>Navigates the current browser window to the provided ``url``.</doc>
<arguments>
<arg>${host}</arg>
</arguments>
<status status="PASS" starttime="20201210 14:08:14.239" endtime="20201210 14:08:15.722"></status>
</kw>
<kw name="Delete All Cookies" library="SeleniumLibrary">
<doc>Deletes all cookies.</doc>
<status status="PASS" starttime="20201210 14:08:15.723" endtime="20201210 14:08:15.748"></status>
</kw>
<kw name="Reload Page" library="SeleniumLibrary">
<doc>Simulates user reloading page.</doc>
<status status="PASS" starttime="20201210 14:08:15.749" endtime="20201210 14:08:15.791"></status>
</kw>
<kw name="Wait Until Element Is Visible" library="SeleniumLibrary">
<doc>Waits until the element ``locator`` is visible.</doc>
<arguments>
<arg>${header_login_button}</arg>
</arguments>
<status status="PASS" starttime="20201210 14:08:15.792" endtime="20201210 14:08:17.219"></status>
</kw>
<kw name="Click Element" library="SeleniumLibrary">
<doc>Click the element identified by ``locator``.</doc>
<arguments>
<arg>${header_login_button}</arg>
</arguments>
<status status="PASS" starttime="20201210 14:08:17.220" endtime="20201210 14:08:18.128"></status>
</kw>
<kw name="Wait Until Element Is Visible" library="SeleniumLibrary">
<doc>Waits until the element ``locator`` is visible.</doc>
<arguments>
<arg>${email_field}</arg>
</arguments>
<status status="PASS" starttime="20201210 14:08:18.128" endtime="20201210 14:08:18.201"></status>
</kw>
<status status="PASS" starttime="20201210 14:08:14.238" endtime="20201210 14:08:18.202"></status>
</kw>
<status status="PASS" starttime="20201210 14:08:14.236" endtime="20201210 14:08:18.202"></status>
</kw>
<kw name="Input Text" library="SeleniumLibrary">
<doc>Types the given ``text`` into the text field identified by ``locator``.</doc>
<arguments>
<arg>${email_field}</arg>
<arg>${email}</arg>
</arguments>
<status status="PASS" starttime="20201210 14:08:18.203" endtime="20201210 14:08:18.357"></status>
</kw>
<kw name="Input Text" library="SeleniumLibrary">
<doc>Types the given ``text`` into the text field identified by ``locator``.</doc>
<arguments>
<arg>${password_field}</arg>
<arg>${password}</arg>
</arguments>
<status status="PASS" starttime="20201210 14:08:18.358" endtime="20201210 14:08:18.506"></status>
</kw>
<kw name="Scroll and Click Element" library="Common">
<arguments>
<arg>${form_login_button}</arg>
</arguments>
<kw name="Scroll Element Into View" library="SeleniumLibrary">
<doc>Scrolls the element identified by ``locator`` into view.</doc>
<arguments>
<arg>${locator}</arg>
</arguments>
<status status="PASS" starttime="20201210 14:08:18.511" endtime="20201210 14:08:23.820"></status>
</kw>
<kw name="Click Element" library="SeleniumLibrary">
<doc>Click the element identified by ``locator``.</doc>
<arguments>
<arg>${locator}</arg>
</arguments>
<status status="PASS" starttime="20201210 14:08:23.820" endtime="20201210 14:08:25.483"></status>
</kw>
<status status="PASS" starttime="20201210 14:08:18.508" endtime="20201210 14:08:25.483"></status>
</kw>
<kw name="Run Keyword Unless" library="BuiltIn">
<doc>Runs the given keyword with the given arguments if ``condition`` is false.</doc>
<arguments>
<arg>'fake' in '${email}' or 'agent' in '${email}'</arg>
<arg>Wait Until Element Is Visible</arg>
<arg>${user_navigation_icon_header_menu_item}</arg>
<arg>${loading_time}</arg>
<arg>Login Failed!</arg>
</arguments>
<kw name="Wait Until Element Is Visible" library="SeleniumLibrary">
<doc>Waits until the element ``locator`` is visible.</doc>
<arguments>
<arg>${user_navigation_icon_header_menu_item}</arg>
<arg>${loading_time}</arg>
<arg>Login Failed!</arg>
</arguments>
<status status="PASS" starttime="20201210 14:08:25.485" endtime="20201210 14:08:25.563"></status>
</kw>
<status status="PASS" starttime="20201210 14:08:25.484" endtime="20201210 14:08:25.563"></status>
</kw>
<kw name="Run Keyword If" library="BuiltIn">
<doc>Runs the given keyword with the given arguments, if ``condition`` is true.</doc>
<arguments>
<arg>'agent' in '${email}'</arg>
<arg>Yves: header contains/doesn't contain:</arg>
<arg>true</arg>
<arg>${customerSearchWidget}</arg>
</arguments>
<status status="PASS" starttime="20201210 14:08:25.564" endtime="20201210 14:08:25.565"></status>
</kw>
<kw name="Yves: remove flash messages" library="Common_Yves">
<kw name="Run Keyword And Ignore Error" library="BuiltIn">
<doc>Runs the given keyword with the given arguments and ignores possible error.</doc>
<arguments>
<arg>Wait Until Page Contains Element</arg>
<arg>${notification_area}</arg>
<arg>1s</arg>
</arguments>
<assign>
<var>${flash_massage_state}</var>
</assign>
<kw name="Wait Until Page Contains Element" library="SeleniumLibrary">
<doc>Waits until the element ``locator`` appears on the current page.</doc>
<arguments>
<arg>${notification_area}</arg>
<arg>1s</arg>
</arguments>
<status status="PASS" starttime="20201210 14:08:25.567" endtime="20201210 14:08:25.593"></status>
</kw>
<msg timestamp="20201210 14:08:25.594" level="INFO">${flash_massage_state} = ('PASS', None)</msg>
<status status="PASS" starttime="20201210 14:08:25.566" endtime="20201210 14:08:25.594"></status>
</kw>
<kw name="Log" library="BuiltIn">
<doc>Logs the given message with the given level.</doc>
<arguments>
<arg>${flash_massage_state}</arg>
</arguments>
<msg timestamp="20201210 14:08:25.595" level="INFO">('PASS', None)</msg>
<status status="PASS" starttime="20201210 14:08:25.595" endtime="20201210 14:08:25.595"></status>
</kw>
<kw name="Run Keyword If" library="BuiltIn">
<doc>Runs the given keyword with the given arguments, if ``condition`` is true.</doc>
<arguments>
<arg>'PASS' in ${flash_massage_state}</arg>
<arg>Remove element from HTML with JavaScript</arg>
<arg>//section[@data-qa='component notification-area']</arg>
</arguments>
<kw name="Remove element from HTML with JavaScript" library="Common">
<arguments>
<arg>//section[@data-qa='component notification-area']</arg>
</arguments>
<kw name="Execute Javascript" library="SeleniumLibrary">
<doc>Executes the given JavaScript code with possible arguments.</doc>
<arguments>
<arg>var element=document.evaluate("${xpath}", document, null, XPathResult.FIRST_ORDERED_NODE_TYPE, null).singleNodeValue;</arg>
<arg>element.parentNode.removeChild(element);</arg>
</arguments>
<status status="PASS" starttime="20201210 14:08:25.598" endtime="20201210 14:08:25.605"></status>
</kw>
<status status="PASS" starttime="20201210 14:08:25.597" endtime="20201210 14:08:25.606"></status>
</kw>
<status status="PASS" starttime="20201210 14:08:25.596" endtime="20201210 14:08:25.606"></status>
</kw>
<status status="PASS" starttime="20201210 14:08:25.565" endtime="20201210 14:08:25.607"></status>
</kw>
<kw name="Wait For Document Ready" library="SeleniumLibrary">
<tags>
<tag>plugin</tag>
</tags>
<doc>Explicit waits until document.readyState is complete.</doc>
<status status="PASS" starttime="20201210 14:08:25.608" endtime="20201210 14:08:25.615"></status>
</kw>
<status status="PASS" starttime="20201210 14:08:14.225" endtime="20201210 14:08:25.616"></status>
</kw>
<kw name="Yves: 'Shopping List' widget contains:" library="Shopping_Lists_steps">
<arguments>
<arg>shoppingListName+${random}</arg>
<arg>Full access</arg>
</arguments>
<kw name="Wait Until Element Is Visible" library="SeleniumLibrary">
<doc>Waits until the element ``locator`` is visible.</doc>
<arguments>
<arg>${shopping_list_icon_header_menu_item}</arg>
</arguments>
<status status="PASS" starttime="20201210 14:08:25.618" endtime="20201210 14:08:25.657"></status>
</kw>
<kw name="Mouse Over" library="SeleniumLibrary">
<doc>Simulates hovering the mouse over the element ``locator``.</doc>
<arguments>
<arg>${shopping_list_icon_header_menu_item}</arg>
</arguments>
<status status="PASS" starttime="20201210 14:08:25.657" endtime="20201210 14:08:29.135"></status>
</kw>
<kw name="Wait Until Element Is Visible" library="SeleniumLibrary">
<doc>Waits until the element ``locator`` is visible.</doc>
<arguments>
<arg>${shopping_list_sub_navigation_widget}</arg>
</arguments>
<status status="PASS" starttime="20201210 14:08:29.136" endtime="20201210 14:08:29.414"></status>
</kw>
<kw name="Page Should Contain Element" library="SeleniumLibrary">
<doc>Verifies that element ``locator`` is found on the current page.</doc>
<arguments>
<arg>xpath=//*[contains(@class,'icon--header-shopping-list')]/ancestor::li//div[contains(@class,'js-user-navigation__sub-nav-shopping-list')]//span[text()[contains(.,'${accessLevel}')]]/..//a/*[text()='${shoppingListName}']</arg>
</arguments>
<status status="PASS" starttime="20201210 14:08:29.415" endtime="20201210 14:08:29.445"></status>
</kw>
<status status="PASS" starttime="20201210 14:08:25.617" endtime="20201210 14:08:29.445"></status>
</kw>
<kw name="Yves: go to 'Shopping Lists' page through the header" library="Header_steps">
<kw name="Run Keyword If" library="BuiltIn">
<doc>Runs the given keyword with the given arguments, if ``condition`` is true.</doc>
<arguments>
<arg>'${pageName}' == 'Shopping Lists'</arg>
<arg>Go to 'Shopping Lists' page</arg>
<arg>ELSE IF</arg>
<arg>'${pageName}' == 'Shopping Carts'</arg>
<arg>Go to 'Shopping Carts' page</arg>
<arg>ELSE IF</arg>
<arg>'${pageName}' == 'Quick Order'</arg>
<arg>Go to 'Quick Order' page</arg>
<arg>ELSE IF</arg>
<arg>'${pageName}' == 'Quote Requests'</arg>
<arg>Go to 'Quote Requests' page</arg>
</arguments>
<kw name="Go to 'Shopping Lists' page" library="Shopping_Lists_steps">
<kw name="Mouse Over" library="SeleniumLibrary">
<doc>Simulates hovering the mouse over the element ``locator``.</doc>
<arguments>
<arg>${shopping_list_icon_header_menu_item}</arg>
</arguments>
<status status="PASS" starttime="20201210 14:08:29.452" endtime="20201210 14:08:34.748"></status>
</kw>
<kw name="Wait Until Page Contains Element" library="SeleniumLibrary">
<doc>Waits until the element ``locator`` appears on the current page.</doc>
<arguments>
<arg>${shopping_list_sub_navigation_widget}</arg>
</arguments>
<status status="PASS" starttime="20201210 14:08:34.749" endtime="20201210 14:08:34.770"></status>
</kw>
<kw name="Click Element with JavaScript" library="Common">
<arguments>
<arg>${shopping_list_sub_navigation_all_lists_button}</arg>
</arguments>
<kw name="Execute Javascript" library="SeleniumLibrary">
<doc>Executes the given JavaScript code with possible arguments.</doc>
<arguments>
<arg>document.evaluate("${xpath}", document, null, XPathResult.FIRST_ORDERED_NODE_TYPE, null).singleNodeValue.click()</arg>
</arguments>
<status status="PASS" starttime="20201210 14:08:34.772" endtime="20201210 14:08:35.651"></status>
</kw>
<status status="PASS" starttime="20201210 14:08:34.771" endtime="20201210 14:08:35.651"></status>
</kw>
<kw name="Wait For Document Ready" library="SeleniumLibrary">
<tags>
<tag>plugin</tag>
</tags>
<doc>Explicit waits until document.readyState is complete.</doc>
<status status="PASS" starttime="20201210 14:08:35.652" endtime="20201210 14:08:35.659"></status>
</kw>
<status status="PASS" starttime="20201210 14:08:29.451" endtime="20201210 14:08:35.660"></status>
</kw>
<status status="PASS" starttime="20201210 14:08:29.448" endtime="20201210 14:08:35.660"></status>
</kw>
<status status="PASS" starttime="20201210 14:08:29.446" endtime="20201210 14:08:35.660"></status>
</kw>
<kw name="Yves: 'Shopping Lists' page is displayed" library="Common_Yves">
<kw name="Run Keyword If" library="BuiltIn">
<doc>Runs the given keyword with the given arguments, if ``condition`` is true.</doc>
<arguments>
<arg>'${pageName}' == 'Company Users'</arg>
<arg>Page Should Contain Element</arg>
<arg>${company_users_main_content_locator}</arg>
<arg>${pageName} page is not displayed</arg>
<arg>ELSE IF</arg>
<arg>'${pageName}' == 'Shopping Lists'</arg>
<arg>Page Should Contain Element</arg>
<arg>${shopping_lists_main_content_locator}</arg>
<arg>${pageName} page is not displayed</arg>
<arg>ELSE IF</arg>
<arg>'${pageName}' == 'Shopping List'</arg>
<arg>Page Should Contain Element</arg>
<arg>${shopping_list_main_content_locator}</arg>
<arg>${pageName} page is not displayed</arg>
<arg>ELSE IF</arg>
<arg>'${pageName}' == 'Shopping Cart'</arg>
<arg>Page Should Contain Element</arg>
<arg>${shopping_cart_main_content_locator}</arg>
<arg>${pageName} page is not displayed</arg>
<arg>ELSE IF</arg>
<arg>'${pageName}' == 'Shopping Carts'</arg>
<arg>Page Should Contain Element</arg>
<arg>${shopping_carts_main_content_locator}</arg>
<arg>${pageName} page is not displayed</arg>
<arg>ELSE IF</arg>
<arg>'${pageName}' == 'Quick Order'</arg>
<arg>Page Should Contain Element</arg>
<arg>${quick_order_main_content_locator}</arg>
<arg>${pageName} page is not displayed</arg>
<arg>ELSE IF</arg>
<arg>'${pageName}' == 'Thank you'</arg>
<arg>Page Should Contain Element</arg>
<arg>${success_page_main_container_locator}</arg>
<arg>${pageName} page is not displayed</arg>
<arg>ELSE IF</arg>
<arg>'${pageName}' == 'Order History'</arg>
<arg>Page Should Contain Element</arg>
<arg>${order_history_main_content_locator}</arg>
<arg>${pageName} page is not displayed</arg>
<arg>ELSE IF</arg>
<arg>'${pageName}' == 'Order Details'</arg>
<arg>Page Should Contain Element</arg>
<arg>${order_details_main_content_locator}</arg>
<arg>${pageName} page is not displayed</arg>
<arg>ELSE IF</arg>
<arg>'${pageName}' == 'Select Business Unit'</arg>
<arg>Page Should Contain Element</arg>
<arg>${customer_account_business_unit_selector}</arg>
<arg>${pageName} page is not displayed</arg>
<arg>ELSE IF</arg>
<arg>'${pageName}' == 'Summary'</arg>
<arg>Page Should Contain Element</arg>
<arg>${checkout_summary_main_content_locator}</arg>
<arg>${pageName} page is not displayed</arg>
<arg>ELSE IF</arg>
<arg>'${pageName}' == 'Quote Requests'</arg>
<arg>Page Should Contain Element</arg>
<arg>${quote_requests_main_content_locator}</arg>
<arg>${pageName} page is not displayed</arg>
<arg>ELSE IF</arg>
<arg>'${pageName}' == 'Quote Request Details'</arg>
<arg>Page Should Contain Element</arg>
<arg>${quote_request_main_content_locator}</arg>
<arg>${pageName} page is not displayed</arg>
<arg>ELSE IF</arg>
<arg>'${pageName}' == 'Choose Bundle to configure'</arg>
<arg>Page Should Contain Element</arg>
<arg>${choose_bundle_main_content_locator}</arg>
<arg>${pageName} page is not displayed</arg>
</arguments>
<kw name="Page Should Contain Element" library="SeleniumLibrary">
<doc>Verifies that element ``locator`` is found on the current page.</doc>
<arguments>
<arg>${shopping_lists_main_content_locator}</arg>
<arg>${pageName} page is not displayed</arg>
</arguments>
<status status="PASS" starttime="20201210 14:08:35.666" endtime="20201210 14:08:35.745"></status>
</kw>
<status status="PASS" starttime="20201210 14:08:35.663" endtime="20201210 14:08:35.746"></status>
</kw>
<status status="PASS" starttime="20201210 14:08:35.661" endtime="20201210 14:08:35.746"></status>
</kw>
<kw name="Yves: the following shopping list is shown:" library="Shopping_Lists_steps">
<arguments>
<arg>shoppingListName+${random}</arg>
<arg>Sonia Wagner</arg>
<arg>Full access</arg>
</arguments>
<kw name="Page Should Contain Element" library="SeleniumLibrary">
<doc>Verifies that element ``locator`` is found on the current page.</doc>
<arguments>
<arg>xpath=//*[@data-qa="component shopping-list-overview-table"]//table//td[@data-content='Access'][contains(.,'${shoppingListAccess}')]/../td[@data-content='Owner'][contains(.,'${shoppingListOwner}')]/../td[@data-content='Name'][contains(.,'${shoppingListName}')]</arg>
</arguments>
<status status="PASS" starttime="20201210 14:08:35.750" endtime="20201210 14:08:35.775"></status>
</kw>
<status status="PASS" starttime="20201210 14:08:35.747" endtime="20201210 14:08:35.775"></status>
</kw>
<kw name="Yves: delete 'Shopping List' with name:" library="Shopping_Lists_steps">
<arguments>
<arg>shoppingListName+${random}</arg>
</arguments>
<kw name="Get Location" library="SeleniumLibrary">
<doc>Returns the current browser window URL.</doc>
<assign>
<var>${currentURL}</var>
</assign>
<msg timestamp="20201210 14:08:35.784" level="INFO">${currentURL} = https://www.de.b2b.demo-spryker.com/en/shopping-list</msg>
<status status="PASS" starttime="20201210 14:08:35.777" endtime="20201210 14:08:35.784"></status>
</kw>
<kw name="Run Keyword Unless" library="BuiltIn">
<doc>Runs the given keyword with the given arguments if ``condition`` is false.</doc>
<arguments>
<arg>'/shopping-list' in '${currentURL}'</arg>
<arg>Go To</arg>
<arg>${host}shopping-list</arg>
</arguments>
<status status="PASS" starttime="20201210 14:08:35.786" endtime="20201210 14:08:35.787"></status>
</kw>
<kw name="Delete shopping list with name:" library="Yves_Shopping_Lists_page">
<arguments>
<arg>${shoppingListName}</arg>
</arguments>
<kw name="Scroll and Click Element" library="Common">
<arguments>
<arg>xpath=//*[@data-qa="component shopping-list-overview-table"]//table//td[@data-content='Name'][contains(.,'${shoppingListName}')]/..//div[@data-qa='component table-action-list']//a[contains(.,'Delete')]