<?xml version="1.0" encoding="UTF-8"?>
<robot generator="Robot 4.0.3 (Python 3.9.5 on darwin)" generated="20210925 17:41:30.222" rpa="false" schemaversion="2">
<suite id="s1" name="Smoke B2B" source="/Users/shopin/automation/robot/spryker/Tests/Smoke/Smoke_B2B.robot">
<kw name="SuiteSetup" library="Common" type="SETUP">
<doc>Basic steps before each suite</doc>
<kw name="Remove Files" library="OperatingSystem">
<arg>${OUTPUTDIR}/selenium-screenshot-*.png</arg>
<doc>Uses `Remove File` to remove multiple files one-by-one.</doc>
<msg timestamp="20210925 17:41:32.338" level="INFO" html="true">File '&lt;a href="file:///Users/shopin/automation/robot/spryker/selenium-screenshot-*.png"&gt;/Users/shopin/automation/robot/spryker/selenium-screenshot-*.png&lt;/a&gt;' does not exist.</msg>
<status status="PASS" starttime="20210925 17:41:32.335" endtime="20210925 17:41:32.339"/>
</kw>
<kw name="Remove Files" library="OperatingSystem">
<arg>Resources/Libraries/__pycache__/*</arg>
<doc>Uses `Remove File` to remove multiple files one-by-one.</doc>
<msg timestamp="20210925 17:41:32.343" level="INFO" html="true">Removed file '&lt;a href="file:///Users/shopin/automation/robot/spryker/Resources/Libraries/__pycache__/common.cpython-39.pyc"&gt;/Users/shopin/automation/robot/spryker/Resources/Libraries/__pycache__/common.cpython-39.pyc&lt;/a&gt;'.</msg>
<status status="PASS" starttime="20210925 17:41:32.341" endtime="20210925 17:41:32.343"/>
</kw>
<kw name="Load Variables" library="Common">
<arg>${env}</arg>
<kw name="Define Environment Variables From Json File" library="common">
<var>&amp;{vars}</var>
<arg>${env}</arg>
<msg timestamp="20210925 17:41:32.350" level="INFO">Looking for b2b environment
Found an environment b2b!</msg>
<msg timestamp="20210925 17:41:32.352" level="INFO">&amp;{vars} = { environment=b2b | host=http://yves.de.spryker.local/ | zed_url=http://backoffice.de.spryker.local/ | yves_user_email=sonia@spryker.com | yves_user_first_name=Sonia | yves_user_last_name=Wagner | yve...</msg>
<status status="PASS" starttime="20210925 17:41:32.348" endtime="20210925 17:41:32.352"/>
</kw>
<for flavor="IN">
<var>${key}</var>
<var>${value}</var>
<value>&amp;{vars}</value>
<iter>
<var name="${key}">environment</var>
<var name="${value}">b2b</var>
<kw name="Log" library="BuiltIn">
<arg>Key is '${key}' and value is '${value}'.</arg>
<doc>Logs the given message with the given level.</doc>
<msg timestamp="20210925 17:41:32.359" level="INFO">Key is 'environment' and value is 'b2b'.</msg>
<status status="PASS" starttime="20210925 17:41:32.357" endtime="20210925 17:41:32.359"/>
</kw>
<kw name="Get Variable Value" library="BuiltIn">
<var>${var_value}</var>
<arg>${${key}}</arg>
<arg>${value}</arg>
<doc>Returns variable value or ``default`` if the variable does not exist.</doc>
<msg timestamp="20210925 17:41:32.412" level="INFO">${var_value} = b2b</msg>
<status status="PASS" starttime="20210925 17:41:32.361" endtime="20210925 17:41:32.413"/>
</kw>
<kw name="Set Global Variable" library="BuiltIn">
<arg>${${key}}</arg>
<arg>${var_value}</arg>
<doc>Makes a variable available globally in all tests and suites.</doc>
<msg timestamp="20210925 17:41:32.439" level="INFO">${environment} = b2b</msg>
<status status="PASS" starttime="20210925 17:41:32.414" endtime="20210925 17:41:32.439"/>
</kw>
<status status="PASS" starttime="20210925 17:41:32.355" endtime="20210925 17:41:32.439"/>
</iter>
<iter>
<var name="${key}">host</var>
<var name="${value}">http://yves.de.spryker.local/</var>
<kw name="Log" library="BuiltIn">
<arg>Key is '${key}' and value is '${value}'.</arg>
<doc>Logs the given message with the given level.</doc>
<msg timestamp="20210925 17:41:32.443" level="INFO">Key is 'host' and value is 'http://yves.de.spryker.local/'.</msg>
<status status="PASS" starttime="20210925 17:41:32.442" endtime="20210925 17:41:32.443"/>
</kw>
<kw name="Get Variable Value" library="BuiltIn">
<var>${var_value}</var>
<arg>${${key}}</arg>
<arg>${value}</arg>
<doc>Returns variable value or ``default`` if the variable does not exist.</doc>
<msg timestamp="20210925 17:41:32.446" level="INFO">${var_value} = http://yves.de.spryker.local/</msg>
<status status="PASS" starttime="20210925 17:41:32.445" endtime="20210925 17:41:32.447"/>
</kw>
<kw name="Set Global Variable" library="BuiltIn">
<arg>${${key}}</arg>
<arg>${var_value}</arg>
<doc>Makes a variable available globally in all tests and suites.</doc>
<msg timestamp="20210925 17:41:32.450" level="INFO">${host} = http://yves.de.spryker.local/</msg>
<status status="PASS" starttime="20210925 17:41:32.448" endtime="20210925 17:41:32.450"/>
</kw>
<status status="PASS" starttime="20210925 17:41:32.440" endtime="20210925 17:41:32.451"/>
</iter>
<iter>
<var name="${key}">zed_url</var>
<var name="${value}">http://backoffice.de.spryker.local/</var>
<kw name="Log" library="BuiltIn">
<arg>Key is '${key}' and value is '${value}'.</arg>
<doc>Logs the given message with the given level.</doc>
<msg timestamp="20210925 17:41:32.454" level="INFO">Key is 'zed_url' and value is 'http://backoffice.de.spryker.local/'.</msg>
<status status="PASS" starttime="20210925 17:41:32.453" endtime="20210925 17:41:32.454"/>
</kw>
<kw name="Get Variable Value" library="BuiltIn">
<var>${var_value}</var>
<arg>${${key}}</arg>
<arg>${value}</arg>
<doc>Returns variable value or ``default`` if the variable does not exist.</doc>
<msg timestamp="20210925 17:41:32.458" level="INFO">${var_value} = http://backoffice.de.spryker.local/</msg>
<status status="PASS" starttime="20210925 17:41:32.456" endtime="20210925 17:41:32.458"/>
</kw>
<kw name="Set Global Variable" library="BuiltIn">
<arg>${${key}}</arg>
<arg>${var_value}</arg>
<doc>Makes a variable available globally in all tests and suites.</doc>
<msg timestamp="20210925 17:41:32.461" level="INFO">${zed_url} = http://backoffice.de.spryker.local/</msg>
<status status="PASS" starttime="20210925 17:41:32.460" endtime="20210925 17:41:32.461"/>
</kw>
<status status="PASS" starttime="20210925 17:41:32.451" endtime="20210925 17:41:32.462"/>
</iter>
<iter>
<var name="${key}">yves_user_email</var>
<var name="${value}">sonia@spryker.com</var>
<kw name="Log" library="BuiltIn">
<arg>Key is '${key}' and value is '${value}'.</arg>
<doc>Logs the given message with the given level.</doc>
<msg timestamp="20210925 17:41:32.465" level="INFO">Key is 'yves_user_email' and value is 'sonia@spryker.com'.</msg>
<status status="PASS" starttime="20210925 17:41:32.464" endtime="20210925 17:41:32.466"/>
</kw>
<kw name="Get Variable Value" library="BuiltIn">
<var>${var_value}</var>
<arg>${${key}}</arg>
<arg>${value}</arg>
<doc>Returns variable value or ``default`` if the variable does not exist.</doc>
<msg timestamp="20210925 17:41:32.516" level="INFO">${var_value} = sonia@spryker.com</msg>
<status status="PASS" starttime="20210925 17:41:32.467" endtime="20210925 17:41:32.517"/>
</kw>
<kw name="Set Global Variable" library="BuiltIn">
<arg>${${key}}</arg>
<arg>${var_value}</arg>
<doc>Makes a variable available globally in all tests and suites.</doc>
<msg timestamp="20210925 17:41:32.543" level="INFO">${yves_user_email} = sonia@spryker.com</msg>
<status status="PASS" starttime="20210925 17:41:32.518" endtime="20210925 17:41:32.543"/>
</kw>
<status status="PASS" starttime="20210925 17:41:32.462" endtime="20210925 17:41:32.544"/>
</iter>
<iter>
<var name="${key}">yves_user_first_name</var>
<var name="${value}">Sonia</var>
<kw name="Log" library="BuiltIn">
<arg>Key is '${key}' and value is '${value}'.</arg>
<doc>Logs the given message with the given level.</doc>
<msg timestamp="20210925 17:41:32.547" level="INFO">Key is 'yves_user_first_name' and value is 'Sonia'.</msg>
<status status="PASS" starttime="20210925 17:41:32.546" endtime="20210925 17:41:32.547"/>
</kw>
<kw name="Get Variable Value" library="BuiltIn">
<var>${var_value}</var>
<arg>${${key}}</arg>
<arg>${value}</arg>
<doc>Returns variable value or ``default`` if the variable does not exist.</doc>
<msg timestamp="20210925 17:41:32.598" level="INFO">${var_value} = Sonia</msg>
<status status="PASS" starttime="20210925 17:41:32.549" endtime="20210925 17:41:32.599"/>
</kw>
<kw name="Set Global Variable" library="BuiltIn">
<arg>${${key}}</arg>
<arg>${var_value}</arg>
<doc>Makes a variable available globally in all tests and suites.</doc>
<msg timestamp="20210925 17:41:32.627" level="INFO">${yves_user_first_name} = Sonia</msg>
<status status="PASS" starttime="20210925 17:41:32.601" endtime="20210925 17:41:32.627"/>
</kw>
<status status="PASS" starttime="20210925 17:41:32.544" endtime="20210925 17:41:32.627"/>
</iter>
<iter>
<var name="${key}">yves_user_last_name</var>
<var name="${value}">Wagner</var>
<kw name="Log" library="BuiltIn">
<arg>Key is '${key}' and value is '${value}'.</arg>
<doc>Logs the given message with the given level.</doc>
<msg timestamp="20210925 17:41:32.632" level="INFO">Key is 'yves_user_last_name' and value is 'Wagner'.</msg>
<status status="PASS" starttime="20210925 17:41:32.631" endtime="20210925 17:41:32.632"/>
</kw>
<kw name="Get Variable Value" library="BuiltIn">
<var>${var_value}</var>
<arg>${${key}}</arg>
<arg>${value}</arg>
<doc>Returns variable value or ``default`` if the variable does not exist.</doc>
<msg timestamp="20210925 17:41:32.684" level="INFO">${var_value} = Wagner</msg>
<status status="PASS" starttime="20210925 17:41:32.634" endtime="20210925 17:41:32.684"/>
</kw>
<kw name="Set Global Variable" library="BuiltIn">
<arg>${${key}}</arg>
<arg>${var_value}</arg>
<doc>Makes a variable available globally in all tests and suites.</doc>
<msg timestamp="20210925 17:41:32.711" level="INFO">${yves_user_last_name} = Wagner</msg>
<status status="PASS" starttime="20210925 17:41:32.686" endtime="20210925 17:41:32.711"/>
</kw>
<status status="PASS" starttime="20210925 17:41:32.628" endtime="20210925 17:41:32.712"/>
</iter>
<iter>
<var name="${key}">yves_user_password</var>
<var name="${value}">change123</var>
<kw name="Log" library="BuiltIn">
<arg>Key is '${key}' and value is '${value}'.</arg>
<doc>Logs the given message with the given level.</doc>
<msg timestamp="20210925 17:41:32.715" level="INFO">Key is 'yves_user_password' and value is 'change123'.</msg>
<status status="PASS" starttime="20210925 17:41:32.714" endtime="20210925 17:41:32.715"/>
</kw>
<kw name="Get Variable Value" library="BuiltIn">
<var>${var_value}</var>
<arg>${${key}}</arg>
<arg>${value}</arg>
<doc>Returns variable value or ``default`` if the variable does not exist.</doc>
<msg timestamp="20210925 17:41:32.765" level="INFO">${var_value} = change123</msg>
<status status="PASS" starttime="20210925 17:41:32.717" endtime="20210925 17:41:32.765"/>
</kw>
<kw name="Set Global Variable" library="BuiltIn">
<arg>${${key}}</arg>
<arg>${var_value}</arg>
<doc>Makes a variable available globally in all tests and suites.</doc>
<msg timestamp="20210925 17:41:32.792" level="INFO">${yves_user_password} = change123</msg>
<status status="PASS" starttime="20210925 17:41:32.767" endtime="20210925 17:41:32.792"/>
</kw>
<status status="PASS" starttime="20210925 17:41:32.712" endtime="20210925 17:41:32.793"/>
</iter>
<iter>
<var name="${key}">yves_company_user_manager_and_buyer_email</var>
<var name="${value}">andrew@ottom.de</var>
<kw name="Log" library="BuiltIn">
<arg>Key is '${key}' and value is '${value}'.</arg>
<doc>Logs the given message with the given level.</doc>
<msg timestamp="20210925 17:41:32.796" level="INFO">Key is 'yves_company_user_manager_and_buyer_email' and value is 'andrew@ottom.de'.</msg>
<status status="PASS" starttime="20210925 17:41:32.795" endtime="20210925 17:41:32.796"/>
</kw>
<kw name="Get Variable Value" library="BuiltIn">
<var>${var_value}</var>
<arg>${${key}}</arg>
<arg>${value}</arg>
<doc>Returns variable value or ``default`` if the variable does not exist.</doc>
<msg timestamp="20210925 17:41:32.855" level="INFO">${var_value} = andrew@ottom.de</msg>
<status status="PASS" starttime="20210925 17:41:32.798" endtime="20210925 17:41:32.856"/>
</kw>
<kw name="Set Global Variable" library="BuiltIn">
<arg>${${key}}</arg>
<arg>${var_value}</arg>
<doc>Makes a variable available globally in all tests and suites.</doc>
<msg timestamp="20210925 17:41:32.888" level="INFO">${yves_company_user_manager_and_buyer_email} = andrew@ottom.de</msg>
<status status="PASS" starttime="20210925 17:41:32.858" endtime="20210925 17:41:32.888"/>
</kw>
<status status="PASS" starttime="20210925 17:41:32.793" endtime="20210925 17:41:32.888"/>
</iter>
<iter>
<var name="${key}">yves_company_user_manager_and_buyer_firstname</var>
<var name="${value}">Andrew</var>
<kw name="Log" library="BuiltIn">
<arg>Key is '${key}' and value is '${value}'.</arg>
<doc>Logs the given message with the given level.</doc>
<msg timestamp="20210925 17:41:32.892" level="INFO">Key is 'yves_company_user_manager_and_buyer_firstname' and value is 'Andrew'.</msg>
<status status="PASS" starttime="20210925 17:41:32.891" endtime="20210925 17:41:32.892"/>
</kw>
<kw name="Get Variable Value" library="BuiltIn">
<var>${var_value}</var>
<arg>${${key}}</arg>
<arg>${value}</arg>
<doc>Returns variable value or ``default`` if the variable does not exist.</doc>
<msg timestamp="20210925 17:41:32.949" level="INFO">${var_value} = Andrew</msg>
<status status="PASS" starttime="20210925 17:41:32.894" endtime="20210925 17:41:32.950"/>
</kw>
<kw name="Set Global Variable" library="BuiltIn">
<arg>${${key}}</arg>
<arg>${var_value}</arg>
<doc>Makes a variable available globally in all tests and suites.</doc>
<msg timestamp="20210925 17:41:32.981" level="INFO">${yves_company_user_manager_and_buyer_firstname} = Andrew</msg>
<status status="PASS" starttime="20210925 17:41:32.951" endtime="20210925 17:41:32.982"/>
</kw>
<status status="PASS" starttime="20210925 17:41:32.889" endtime="20210925 17:41:32.982"/>
</iter>
<iter>
<var name="${key}">yves_company_user_manager_and_buyer_lastname</var>
<var name="${value}">Wedner</var>
<kw name="Log" library="BuiltIn">
<arg>Key is '${key}' and value is '${value}'.</arg>
<doc>Logs the given message with the given level.</doc>
<msg timestamp="20210925 17:41:32.986" level="INFO">Key is 'yves_company_user_manager_and_buyer_lastname' and value is 'Wedner'.</msg>
<status status="PASS" starttime="20210925 17:41:32.985" endtime="20210925 17:41:32.986"/>
</kw>
<kw name="Get Variable Value" library="BuiltIn">
<var>${var_value}</var>
<arg>${${key}}</arg>
<arg>${value}</arg>
<doc>Returns variable value or ``default`` if the variable does not exist.</doc>
<msg timestamp="20210925 17:41:33.044" level="INFO">${var_value} = Wedner</msg>
<status status="PASS" starttime="20210925 17:41:32.987" endtime="20210925 17:41:33.045"/>
</kw>
<kw name="Set Global Variable" library="BuiltIn">
<arg>${${key}}</arg>
<arg>${var_value}</arg>
<doc>Makes a variable available globally in all tests and suites.</doc>
<msg timestamp="20210925 17:41:33.076" level="INFO">${yves_company_user_manager_and_buyer_lastname} = Wedner</msg>
<status status="PASS" starttime="20210925 17:41:33.047" endtime="20210925 17:41:33.077"/>
</kw>
<status status="PASS" starttime="20210925 17:41:32.983" endtime="20210925 17:41:33.077"/>
</iter>
<iter>
<var name="${key}">yves_company_user_manager_and_buyer_address</var>
<var name="${value}">Mr Andrew Wedner, Seeburger Str. 270, 10115 Berlin</var>
<kw name="Log" library="BuiltIn">
<arg>Key is '${key}' and value is '${value}'.</arg>
<doc>Logs the given message with the given level.</doc>
<msg timestamp="20210925 17:41:33.080" level="INFO">Key is 'yves_company_user_manager_and_buyer_address' and value is 'Mr Andrew Wedner, Seeburger Str. 270, 10115 Berlin'.</msg>
<status status="PASS" starttime="20210925 17:41:33.079" endtime="20210925 17:41:33.081"/>
</kw>
<kw name="Get Variable Value" library="BuiltIn">
<var>${var_value}</var>
<arg>${${key}}</arg>
<arg>${value}</arg>
<doc>Returns variable value or ``default`` if the variable does not exist.</doc>
<msg timestamp="20210925 17:41:33.141" level="INFO">${var_value} = Mr Andrew Wedner, Seeburger Str. 270, 10115 Berlin</msg>
<status status="PASS" starttime="20210925 17:41:33.082" endtime="20210925 17:41:33.141"/>
</kw>
<kw name="Set Global Variable" library="BuiltIn">
<arg>${${key}}</arg>
<arg>${var_value}</arg>
<doc>Makes a variable available globally in all tests and suites.</doc>
<msg timestamp="20210925 17:41:33.173" level="INFO">${yves_company_user_manager_and_buyer_address} = Mr Andrew Wedner, Seeburger Str. 270, 10115 Berlin</msg>
<status status="PASS" starttime="20210925 17:41:33.143" endtime="20210925 17:41:33.173"/>
</kw>
<status status="PASS" starttime="20210925 17:41:33.078" endtime="20210925 17:41:33.174"/>
</iter>
<iter>
<var name="${key}">yves_company_user_approver_email</var>
<var name="${value}">lilu@ottom.de</var>
<kw name="Log" library="BuiltIn">
<arg>Key is '${key}' and value is '${value}'.</arg>
<doc>Logs the given message with the given level.</doc>
<msg timestamp="20210925 17:41:33.177" level="INFO">Key is 'yves_company_user_approver_email' and value is 'lilu@ottom.de'.</msg>
<status status="PASS" starttime="20210925 17:41:33.176" endtime="20210925 17:41:33.178"/>
</kw>
<kw name="Get Variable Value" library="BuiltIn">
<var>${var_value}</var>
<arg>${${key}}</arg>
<arg>${value}</arg>
<doc>Returns variable value or ``default`` if the variable does not exist.</doc>
<msg timestamp="20210925 17:41:33.237" level="INFO">${var_value} = lilu@ottom.de</msg>
<status status="PASS" starttime="20210925 17:41:33.179" endtime="20210925 17:41:33.237"/>
</kw>
<kw name="Set Global Variable" library="BuiltIn">
<arg>${${key}}</arg>
<arg>${var_value}</arg>
<doc>Makes a variable available globally in all tests and suites.</doc>
<msg timestamp="20210925 17:41:33.268" level="INFO">${yves_company_user_approver_email} = lilu@ottom.de</msg>
<status status="PASS" starttime="20210925 17:41:33.239" endtime="20210925 17:41:33.268"/>
</kw>
<status status="PASS" starttime="20210925 17:41:33.174" endtime="20210925 17:41:33.268"/>
</iter>
<iter>
<var name="${key}">yves_company_user_approver_firstname</var>
<var name="${value}">Lilu</var>
<kw name="Log" library="BuiltIn">
<arg>Key is '${key}' and value is '${value}'.</arg>
<doc>Logs the given message with the given level.</doc>
<msg timestamp="20210925 17:41:33.272" level="INFO">Key is 'yves_company_user_approver_firstname' and value is 'Lilu'.</msg>
<status status="PASS" starttime="20210925 17:41:33.271" endtime="20210925 17:41:33.272"/>
</kw>
<kw name="Get Variable Value" library="BuiltIn">
<var>${var_value}</var>
<arg>${${key}}</arg>
<arg>${value}</arg>
<doc>Returns variable value or ``default`` if the variable does not exist.</doc>
<msg timestamp="20210925 17:41:33.331" level="INFO">${var_value} = Lilu</msg>
<status status="PASS" starttime="20210925 17:41:33.274" endtime="20210925 17:41:33.332"/>
</kw>
<kw name="Set Global Variable" library="BuiltIn">
<arg>${${key}}</arg>
<arg>${var_value}</arg>
<doc>Makes a variable available globally in all tests and suites.</doc>
<msg timestamp="20210925 17:41:33.364" level="INFO">${yves_company_user_approver_firstname} = Lilu</msg>
<status status="PASS" starttime="20210925 17:41:33.333" endtime="20210925 17:41:33.364"/>
</kw>
<status status="PASS" starttime="20210925 17:41:33.269" endtime="20210925 17:41:33.364"/>
</iter>
<iter>
<var name="${key}">yves_company_user_approver_lastname</var>
<var name="${value}">Dallas</var>
<kw name="Log" library="BuiltIn">
<arg>Key is '${key}' and value is '${value}'.</arg>
<doc>Logs the given message with the given level.</doc>
<msg timestamp="20210925 17:41:33.368" level="INFO">Key is 'yves_company_user_approver_lastname' and value is 'Dallas'.</msg>
<status status="PASS" starttime="20210925 17:41:33.367" endtime="20210925 17:41:33.368"/>
</kw>
<kw name="Get Variable Value" library="BuiltIn">
<var>${var_value}</var>
<arg>${${key}}</arg>
<arg>${value}</arg>
<doc>Returns variable value or ``default`` if the variable does not exist.</doc>
<msg timestamp="20210925 17:41:33.429" level="INFO">${var_value} = Dallas</msg>
<status status="PASS" starttime="20210925 17:41:33.370" endtime="20210925 17:41:33.429"/>
</kw>
<kw name="Set Global Variable" library="BuiltIn">
<arg>${${key}}</arg>
<arg>${var_value}</arg>
<doc>Makes a variable available globally in all tests and suites.</doc>
<msg timestamp="20210925 17:41:33.464" level="INFO">${yves_company_user_approver_lastname} = Dallas</msg>
<status status="PASS" starttime="20210925 17:41:33.431" endtime="20210925 17:41:33.464"/>
</kw>
<status status="PASS" starttime="20210925 17:41:33.365" endtime="20210925 17:41:33.464"/>
</iter>
<iter>
<var name="${key}">yves_company_user_shared_permission_owner_email</var>
<var name="${value}">andrew@ottom.de</var>
<kw name="Log" library="BuiltIn">
<arg>Key is '${key}' and value is '${value}'.</arg>
<doc>Logs the given message with the given level.</doc>
<msg timestamp="20210925 17:41:33.468" level="INFO">Key is 'yves_company_user_shared_permission_owner_email' and value is 'andrew@ottom.de'.</msg>
<status status="PASS" starttime="20210925 17:41:33.467" endtime="20210925 17:41:33.468"/>
</kw>
<kw name="Get Variable Value" library="BuiltIn">
<var>${var_value}</var>
<arg>${${key}}</arg>
<arg>${value}</arg>
<doc>Returns variable value or ``default`` if the variable does not exist.</doc>
<msg timestamp="20210925 17:41:33.538" level="INFO">${var_value} = andrew@ottom.de</msg>
<status status="PASS" starttime="20210925 17:41:33.470" endtime="20210925 17:41:33.538"/>
</kw>
<kw name="Set Global Variable" library="BuiltIn">
<arg>${${key}}</arg>
<arg>${var_value}</arg>
<doc>Makes a variable available globally in all tests and suites.</doc>
<msg timestamp="20210925 17:41:33.583" level="INFO">${yves_company_user_shared_permission_owner_email} = andrew@ottom.de</msg>
<status status="PASS" starttime="20210925 17:41:33.541" endtime="20210925 17:41:33.583"/>
</kw>
<status status="PASS" starttime="20210925 17:41:33.465" endtime="20210925 17:41:33.584"/>
</iter>
<iter>
<var name="${key}">yves_company_user_shared_permission_owner_firstname</var>
<var name="${value}">Andrew</var>
<kw name="Log" library="BuiltIn">
<arg>Key is '${key}' and value is '${value}'.</arg>
<doc>Logs the given message with the given level.</doc>
<msg timestamp="20210925 17:41:33.589" level="INFO">Key is 'yves_company_user_shared_permission_owner_firstname' and value is 'Andrew'.</msg>
<status status="PASS" starttime="20210925 17:41:33.587" endtime="20210925 17:41:33.589"/>
</kw>
<kw name="Get Variable Value" library="BuiltIn">
<var>${var_value}</var>
<arg>${${key}}</arg>
<arg>${value}</arg>
<doc>Returns variable value or ``default`` if the variable does not exist.</doc>
<msg timestamp="20210925 17:41:33.654" level="INFO">${var_value} = Andrew</msg>
<status status="PASS" starttime="20210925 17:41:33.592" endtime="20210925 17:41:33.654"/>
</kw>
<kw name="Set Global Variable" library="BuiltIn">
<arg>${${key}}</arg>
<arg>${var_value}</arg>
<doc>Makes a variable available globally in all tests and suites.</doc>
<msg timestamp="20210925 17:41:33.686" level="INFO">${yves_company_user_shared_permission_owner_firstname} = Andrew</msg>
<status status="PASS" starttime="20210925 17:41:33.656" endtime="20210925 17:41:33.687"/>
</kw>
<status status="PASS" starttime="20210925 17:41:33.585" endtime="20210925 17:41:33.687"/>
</iter>
<iter>
<var name="${key}">yves_company_user_shared_permission_owner_lastname</var>
<var name="${value}">Wedner</var>
<kw name="Log" library="BuiltIn">
<arg>Key is '${key}' and value is '${value}'.</arg>
<doc>Logs the given message with the given level.</doc>
<msg timestamp="20210925 17:41:33.692" level="INFO">Key is 'yves_company_user_shared_permission_owner_lastname' and value is 'Wedner'.</msg>
<status status="PASS" starttime="20210925 17:41:33.690" endtime="20210925 17:41:33.692"/>
</kw>
<kw name="Get Variable Value" library="BuiltIn">
<var>${var_value}</var>
<arg>${${key}}</arg>
<arg>${value}</arg>
<doc>Returns variable value or ``default`` if the variable does not exist.</doc>
<msg timestamp="20210925 17:41:33.766" level="INFO">${var_value} = Wedner</msg>
<status status="PASS" starttime="20210925 17:41:33.694" endtime="20210925 17:41:33.766"/>
</kw>
<kw name="Set Global Variable" library="BuiltIn">
<arg>${${key}}</arg>
<arg>${var_value}</arg>
<doc>Makes a variable available globally in all tests and suites.</doc>
<msg timestamp="20210925 17:41:33.802" level="INFO">${yves_company_user_shared_permission_owner_lastname} = Wedner</msg>
<status status="PASS" starttime="20210925 17:41:33.768" endtime="20210925 17:41:33.802"/>
</kw>
<status status="PASS" starttime="20210925 17:41:33.688" endtime="20210925 17:41:33.802"/>
</iter>
<iter>
<var name="${key}">yves_company_user_shared_permission_owner_address</var>
<var name="${value}">Mr Andrew Wedner, Seeburger Str. 270, 10115 Berlin</var>
<kw name="Log" library="BuiltIn">
<arg>Key is '${key}' and value is '${value}'.</arg>
<doc>Logs the given message with the given level.</doc>
<msg timestamp="20210925 17:41:33.806" level="INFO">Key is 'yves_company_user_shared_permission_owner_address' and value is 'Mr Andrew Wedner, Seeburger Str. 270, 10115 Berlin'.</msg>
<status status="PASS" starttime="20210925 17:41:33.805" endtime="20210925 17:41:33.806"/>
</kw>
<kw name="Get Variable Value" library="BuiltIn">
<var>${var_value}</var>
<arg>${${key}}</arg>
<arg>${value}</arg>
<doc>Returns variable value or ``default`` if the variable does not exist.</doc>
<msg timestamp="20210925 17:41:33.877" level="INFO">${var_value} = Mr Andrew Wedner, Seeburger Str. 270, 10115 Berlin</msg>
<status status="PASS" starttime="20210925 17:41:33.808" endtime="20210925 17:41:33.877"/>
</kw>
<kw name="Set Global Variable" library="BuiltIn">
<arg>${${key}}</arg>
<arg>${var_value}</arg>
<doc>Makes a variable available globally in all tests and suites.</doc>
<msg timestamp="20210925 17:41:33.914" level="INFO">${yves_company_user_shared_permission_owner_address} = Mr Andrew Wedner, Seeburger Str. 270, 10115 Berlin</msg>
<status status="PASS" starttime="20210925 17:41:33.879" endtime="20210925 17:41:33.914"/>
</kw>
<status status="PASS" starttime="20210925 17:41:33.803" endtime="20210925 17:41:33.915"/>
</iter>
<iter>
<var name="${key}">yves_company_user_shared_permission_receiver_email</var>
<var name="${value}">sally@ottom.de</var>
<kw name="Log" library="BuiltIn">
<arg>Key is '${key}' and value is '${value}'.</arg>
<doc>Logs the given message with the given level.</doc>
<msg timestamp="20210925 17:41:33.919" level="INFO">Key is 'yves_company_user_shared_permission_receiver_email' and value is 'sally@ottom.de'.</msg>
<status status="PASS" starttime="20210925 17:41:33.918" endtime="20210925 17:41:33.920"/>
</kw>
<kw name="Get Variable Value" library="BuiltIn">
<var>${var_value}</var>
<arg>${${key}}</arg>
<arg>${value}</arg>
<doc>Returns variable value or ``default`` if the variable does not exist.</doc>
<msg timestamp="20210925 17:41:33.992" level="INFO">${var_value} = sally@ottom.de</msg>
<status status="PASS" starttime="20210925 17:41:33.922" endtime="20210925 17:41:33.992"/>
</kw>
<kw name="Set Global Variable" library="BuiltIn">
<arg>${${key}}</arg>
<arg>${var_value}</arg>
<doc>Makes a variable available globally in all tests and suites.</doc>
<msg timestamp="20210925 17:41:34.023" level="INFO">${yves_company_user_shared_permission_receiver_email} = sally@ottom.de</msg>
<status status="PASS" starttime="20210925 17:41:33.994" endtime="20210925 17:41:34.024"/>
</kw>
<status status="PASS" starttime="20210925 17:41:33.915" endtime="20210925 17:41:34.024"/>
</iter>
<iter>
<var name="${key}">yves_company_user_shared_permission_receiver_firstname</var>
<var name="${value}">Sally</var>
<kw name="Log" library="BuiltIn">
<arg>Key is '${key}' and value is '${value}'.</arg>
<doc>Logs the given message with the given level.</doc>
<msg timestamp="20210925 17:41:34.028" level="INFO">Key is 'yves_company_user_shared_permission_receiver_firstname' and value is 'Sally'.</msg>
<status status="PASS" starttime="20210925 17:41:34.027" endtime="20210925 17:41:34.028"/>
</kw>
<kw name="Get Variable Value" library="BuiltIn">
<var>${var_value}</var>
<arg>${${key}}</arg>
<arg>${value}</arg>
<doc>Returns variable value or ``default`` if the variable does not exist.</doc>
<msg timestamp="20210925 17:41:34.085" level="INFO">${var_value} = Sally</msg>
<status status="PASS" starttime="20210925 17:41:34.030" endtime="20210925 17:41:34.086"/>
</kw>
<kw name="Set Global Variable" library="BuiltIn">
<arg>${${key}}</arg>
<arg>${var_value}</arg>
<doc>Makes a variable available globally in all tests and suites.</doc>
<msg timestamp="20210925 17:41:34.126" level="INFO">${yves_company_user_shared_permission_receiver_firstname} = Sally</msg>
<status status="PASS" starttime="20210925 17:41:34.088" endtime="20210925 17:41:34.127"/>
</kw>
<status status="PASS" starttime="20210925 17:41:34.025" endtime="20210925 17:41:34.127"/>
</iter>
<iter>
<var name="${key}">yves_company_user_shared_permission_receiver_lastname</var>
<var name="${value}">Koval</var>
<kw name="Log" library="BuiltIn">
<arg>Key is '${key}' and value is '${value}'.</arg>
<doc>Logs the given message with the given level.</doc>
<msg timestamp="20210925 17:41:34.133" level="INFO">Key is 'yves_company_user_shared_permission_receiver_lastname' and value is 'Koval'.</msg>
<status status="PASS" starttime="20210925 17:41:34.131" endtime="20210925 17:41:34.133"/>
</kw>
<kw name="Get Variable Value" library="BuiltIn">
<var>${var_value}</var>
<arg>${${key}}</arg>
<arg>${value}</arg>
<doc>Returns variable value or ``default`` if the variable does not exist.</doc>
<msg timestamp="20210925 17:41:34.205" level="INFO">${var_value} = Koval</msg>
<status status="PASS" starttime="20210925 17:41:34.136" endtime="20210925 17:41:34.205"/>
</kw>
<kw name="Set Global Variable" library="BuiltIn">
<arg>${${key}}</arg>
<arg>${var_value}</arg>
<doc>Makes a variable available globally in all tests and suites.</doc>
<msg timestamp="20210925 17:41:34.236" level="INFO">${yves_company_user_shared_permission_receiver_lastname} = Koval</msg>
<status status="PASS" starttime="20210925 17:41:34.207" endtime="20210925 17:41:34.236"/>
</kw>
<status status="PASS" starttime="20210925 17:41:34.128" endtime="20210925 17:41:34.237"/>
</iter>
<iter>
<var name="${key}">yves_company_user_shared_permission_receiver_address</var>
<var name="${value}">Ms Sally Koval, Seeburger Str. 270, 10115 Berlin</var>
<kw name="Log" library="BuiltIn">
<arg>Key is '${key}' and value is '${value}'.</arg>
<doc>Logs the given message with the given level.</doc>
<msg timestamp="20210925 17:41:34.240" level="INFO">Key is 'yves_company_user_shared_permission_receiver_address' and value is 'Ms Sally Koval, Seeburger Str. 270, 10115 Berlin'.</msg>
<status status="PASS" starttime="20210925 17:41:34.239" endtime="20210925 17:41:34.240"/>
</kw>
<kw name="Get Variable Value" library="BuiltIn">
<var>${var_value}</var>
<arg>${${key}}</arg>
<arg>${value}</arg>
<doc>Returns variable value or ``default`` if the variable does not exist.</doc>
<msg timestamp="20210925 17:41:34.299" level="INFO">${var_value} = Ms Sally Koval, Seeburger Str. 270, 10115 Berlin</msg>
<status status="PASS" starttime="20210925 17:41:34.242" endtime="20210925 17:41:34.299"/>
</kw>
<kw name="Set Global Variable" library="BuiltIn">
<arg>${${key}}</arg>
<arg>${var_value}</arg>
<doc>Makes a variable available globally in all tests and suites.</doc>
<msg timestamp="20210925 17:41:34.330" level="INFO">${yves_company_user_shared_permission_receiver_address} = Ms Sally Koval, Seeburger Str. 270, 10115 Berlin</msg>
<status status="PASS" starttime="20210925 17:41:34.301" endtime="20210925 17:41:34.330"/>
</kw>
<status status="PASS" starttime="20210925 17:41:34.237" endtime="20210925 17:41:34.330"/>
</iter>
<iter>
<var name="${key}">yves_company_user_buyer_with_limit_email</var>
<var name="${value}">sally@ottom.de</var>
<kw name="Log" library="BuiltIn">
<arg>Key is '${key}' and value is '${value}'.</arg>
<doc>Logs the given message with the given level.</doc>
<msg timestamp="20210925 17:41:34.334" level="INFO">Key is 'yves_company_user_buyer_with_limit_email' and value is 'sally@ottom.de'.</msg>
<status status="PASS" starttime="20210925 17:41:34.333" endtime="20210925 17:41:34.334"/>
</kw>
<kw name="Get Variable Value" library="BuiltIn">
<var>${var_value}</var>
<arg>${${key}}</arg>
<arg>${value}</arg>
<doc>Returns variable value or ``default`` if the variable does not exist.</doc>
<msg timestamp="20210925 17:41:34.393" level="INFO">${var_value} = sally@ottom.de</msg>
<status status="PASS" starttime="20210925 17:41:34.336" endtime="20210925 17:41:34.393"/>
</kw>
<kw name="Set Global Variable" library="BuiltIn">
<arg>${${key}}</arg>
<arg>${var_value}</arg>
<doc>Makes a variable available globally in all tests and suites.</doc>
<msg timestamp="20210925 17:41:34.426" level="INFO">${yves_company_user_buyer_with_limit_email} = sally@ottom.de</msg>
<status status="PASS" starttime="20210925 17:41:34.395" endtime="20210925 17:41:34.426"/>
</kw>
<status status="PASS" starttime="20210925 17:41:34.331" endtime="20210925 17:41:34.427"/>
</iter>
<iter>
<var name="${key}">yves_company_user_buyer_with_limit_firstname</var>
<var name="${value}">Sally</var>
<kw name="Log" library="BuiltIn">
<arg>Key is '${key}' and value is '${value}'.</arg>
<doc>Logs the given message with the given level.</doc>
<msg timestamp="20210925 17:41:34.430" level="INFO">Key is 'yves_company_user_buyer_with_limit_firstname' and value is 'Sally'.</msg>
<status status="PASS" starttime="20210925 17:41:34.429" endtime="20210925 17:41:34.430"/>
</kw>
<kw name="Get Variable Value" library="BuiltIn">
<var>${var_value}</var>
<arg>${${key}}</arg>
<arg>${value}</arg>
<doc>Returns variable value or ``default`` if the variable does not exist.</doc>
<msg timestamp="20210925 17:41:34.494" level="INFO">${var_value} = Sally</msg>
<status status="PASS" starttime="20210925 17:41:34.432" endtime="20210925 17:41:34.494"/>
</kw>
<kw name="Set Global Variable" library="BuiltIn">
<arg>${${key}}</arg>
<arg>${var_value}</arg>
<doc>Makes a variable available globally in all tests and suites.</doc>
<msg timestamp="20210925 17:41:34.531" level="INFO">${yves_company_user_buyer_with_limit_firstname} = Sally</msg>
<status status="PASS" starttime="20210925 17:41:34.496" endtime="20210925 17:41:34.531"/>
</kw>
<status status="PASS" starttime="20210925 17:41:34.427" endtime="20210925 17:41:34.531"/>
</iter>
<iter>
<var name="${key}">yves_company_user_buyer_with_limit_lastname</var>
<var name="${value}">Koval</var>
<kw name="Log" library="BuiltIn">
<arg>Key is '${key}' and value is '${value}'.</arg>
<doc>Logs the given message with the given level.</doc>
<msg timestamp="20210925 17:41:34.535" level="INFO">Key is 'yves_company_user_buyer_with_limit_lastname' and value is 'Koval'.</msg>
<status status="PASS" starttime="20210925 17:41:34.534" endtime="20210925 17:41:34.535"/>
</kw>
<kw name="Get Variable Value" library="BuiltIn">
<var>${var_value}</var>
<arg>${${key}}</arg>
<arg>${value}</arg>
<doc>Returns variable value or ``default`` if the variable does not exist.</doc>
<msg timestamp="20210925 17:41:34.598" level="INFO">${var_value} = Koval</msg>
<status status="PASS" starttime="20210925 17:41:34.537" endtime="20210925 17:41:34.599"/>
</kw>
<kw name="Set Global Variable" library="BuiltIn">
<arg>${${key}}</arg>
<arg>${var_value}</arg>
<doc>Makes a variable available globally in all tests and suites.</doc>
<msg timestamp="20210925 17:41:34.632" level="INFO">${yves_company_user_buyer_with_limit_lastname} = Koval</msg>
<status status="PASS" starttime="20210925 17:41:34.600" endtime="20210925 17:41:34.632"/>
</kw>
<status status="PASS" starttime="20210925 17:41:34.532" endtime="20210925 17:41:34.633"/>
</iter>
<iter>
<var name="${key}">yves_company_user_buyer_with_limit_address</var>
<var name="${value}">Ms Sally Koval, Seeburger Str. 270, 10115 Berlin</var>
<kw name="Log" library="BuiltIn">
<arg>Key is '${key}' and value is '${value}'.</arg>
<doc>Logs the given message with the given level.</doc>
<msg timestamp="20210925 17:41:34.636" level="INFO">Key is 'yves_company_user_buyer_with_limit_address' and value is 'Ms Sally Koval, Seeburger Str. 270, 10115 Berlin'.</msg>
<status status="PASS" starttime="20210925 17:41:34.635" endtime="20210925 17:41:34.637"/>
</kw>
<kw name="Get Variable Value" library="BuiltIn">
<var>${var_value}</var>
<arg>${${key}}</arg>
<arg>${value}</arg>
<doc>Returns variable value or ``default`` if the variable does not exist.</doc>
<msg timestamp="20210925 17:41:34.700" level="INFO">${var_value} = Ms Sally Koval, Seeburger Str. 270, 10115 Berlin</msg>
<status status="PASS" starttime="20210925 17:41:34.638" endtime="20210925 17:41:34.700"/>
</kw>
<kw name="Set Global Variable" library="BuiltIn">
<arg>${${key}}</arg>
<arg>${var_value}</arg>
<doc>Makes a variable available globally in all tests and suites.</doc>
<msg timestamp="20210925 17:41:34.734" level="INFO">${yves_company_user_buyer_with_limit_address} = Ms Sally Koval, Seeburger Str. 270, 10115 Berlin</msg>
<status status="PASS" starttime="20210925 17:41:34.702" endtime="20210925 17:41:34.734"/>
</kw>
<status status="PASS" starttime="20210925 17:41:34.633" endtime="20210925 17:41:34.734"/>
</iter>
<iter>
<var name="${key}">yves_company_user_buyer_email</var>
<var name="${value}">Ahill@ottom.de</var>
<kw name="Log" library="BuiltIn">
<arg>Key is '${key}' and value is '${value}'.</arg>
<doc>Logs the given message with the given level.</doc>
<msg timestamp="20210925 17:41:34.738" level="INFO">Key is 'yves_company_user_buyer_email' and value is 'Ahill@ottom.de'.</msg>
<status status="PASS" starttime="20210925 17:41:34.737" endtime="20210925 17:41:34.738"/>
</kw>
<kw name="Get Variable Value" library="BuiltIn">
<var>${var_value}</var>
<arg>${${key}}</arg>
<arg>${value}</arg>
<doc>Returns variable value or ``default`` if the variable does not exist.</doc>
<msg timestamp="20210925 17:41:34.795" level="INFO">${var_value} = Ahill@ottom.de</msg>
<status status="PASS" starttime="20210925 17:41:34.740" endtime="20210925 17:41:34.796"/>
</kw>
<kw name="Set Global Variable" library="BuiltIn">
<arg>${${key}}</arg>
<arg>${var_value}</arg>
<doc>Makes a variable available globally in all tests and suites.</doc>
<msg timestamp="20210925 17:41:34.826" level="INFO">${yves_company_user_buyer_email} = Ahill@ottom.de</msg>
<status status="PASS" starttime="20210925 17:41:34.797" endtime="20210925 17:41:34.826"/>
</kw>
<status status="PASS" starttime="20210925 17:41:34.735" endtime="20210925 17:41:34.826"/>
</iter>
<iter>
<var name="${key}">yves_company_user_buyer_firstname</var>
<var name="${value}">Ahill</var>
<kw name="Log" library="BuiltIn">
<arg>Key is '${key}' and value is '${value}'.</arg>
<doc>Logs the given message with the given level.</doc>
<msg timestamp="20210925 17:41:34.830" level="INFO">Key is 'yves_company_user_buyer_firstname' and value is 'Ahill'.</msg>
<status status="PASS" starttime="20210925 17:41:34.829" endtime="20210925 17:41:34.830"/>
</kw>
<kw name="Get Variable Value" library="BuiltIn">
<var>${var_value}</var>
<arg>${${key}}</arg>
<arg>${value}</arg>
<doc>Returns variable value or ``default`` if the variable does not exist.</doc>
<msg timestamp="20210925 17:41:34.894" level="INFO">${var_value} = Ahill</msg>
<status status="PASS" starttime="20210925 17:41:34.831" endtime="20210925 17:41:34.894"/>
</kw>
<kw name="Set Global Variable" library="BuiltIn">
<arg>${${key}}</arg>
<arg>${var_value}</arg>
<doc>Makes a variable available globally in all tests and suites.</doc>
<msg timestamp="20210925 17:41:34.927" level="INFO">${yves_company_user_buyer_firstname} = Ahill</msg>
<status status="PASS" starttime="20210925 17:41:34.896" endtime="20210925 17:41:34.927"/>
</kw>
<status status="PASS" starttime="20210925 17:41:34.827" endtime="20210925 17:41:34.927"/>
</iter>
<iter>
<var name="${key}">yves_company_user_buyer_lastname</var>
<var name="${value}">Grant</var>
<kw name="Log" library="BuiltIn">
<arg>Key is '${key}' and value is '${value}'.</arg>
<doc>Logs the given message with the given level.</doc>
<msg timestamp="20210925 17:41:34.931" level="INFO">Key is 'yves_company_user_buyer_lastname' and value is 'Grant'.</msg>
<status status="PASS" starttime="20210925 17:41:34.930" endtime="20210925 17:41:34.931"/>
</kw>
<kw name="Get Variable Value" library="BuiltIn">
<var>${var_value}</var>
<arg>${${key}}</arg>
<arg>${value}</arg>
<doc>Returns variable value or ``default`` if the variable does not exist.</doc>
<msg timestamp="20210925 17:41:34.994" level="INFO">${var_value} = Grant</msg>
<status status="PASS" starttime="20210925 17:41:34.933" endtime="20210925 17:41:34.994"/>
</kw>
<kw name="Set Global Variable" library="BuiltIn">
<arg>${${key}}</arg>
<arg>${var_value}</arg>
<doc>Makes a variable available globally in all tests and suites.</doc>
<msg timestamp="20210925 17:41:35.027" level="INFO">${yves_company_user_buyer_lastname} = Grant</msg>
<status status="PASS" starttime="20210925 17:41:34.996" endtime="20210925 17:41:35.027"/>
</kw>
<status status="PASS" starttime="20210925 17:41:34.928" endtime="20210925 17:41:35.028"/>
</iter>
<iter>
<var name="${key}">yves_company_user_buyer_address</var>
<var name="${value}">Mr Ahill Grant, Seeburger Str. 270, 10115 Berlin</var>
<kw name="Log" library="BuiltIn">
<arg>Key is '${key}' and value is '${value}'.</arg>
<doc>Logs the given message with the given level.</doc>
<msg timestamp="20210925 17:41:35.031" level="INFO">Key is 'yves_company_user_buyer_address' and value is 'Mr Ahill Grant, Seeburger Str. 270, 10115 Berlin'.</msg>
<status status="PASS" starttime="20210925 17:41:35.030" endtime="20210925 17:41:35.031"/>
</kw>
<kw name="Get Variable Value" library="BuiltIn">
<var>${var_value}</var>
<arg>${${key}}</arg>
<arg>${value}</arg>
<doc>Returns variable value or ``default`` if the variable does not exist.</doc>
<msg timestamp="20210925 17:41:35.093" level="INFO">${var_value} = Mr Ahill Grant, Seeburger Str. 270, 10115 Berlin</msg>
<status status="PASS" starttime="20210925 17:41:35.033" endtime="20210925 17:41:35.093"/>
</kw>
<kw name="Set Global Variable" library="BuiltIn">
<arg>${${key}}</arg>
<arg>${var_value}</arg>
<doc>Makes a variable available globally in all tests and suites.</doc>
<msg timestamp="20210925 17:41:35.126" level="INFO">${yves_company_user_buyer_address} = Mr Ahill Grant, Seeburger Str. 270, 10115 Berlin</msg>
<status status="PASS" starttime="20210925 17:41:35.095" endtime="20210925 17:41:35.126"/>
</kw>
<status status="PASS" starttime="20210925 17:41:35.028" endtime="20210925 17:41:35.126"/>
</iter>
<iter>
<var name="${key}">yves_company_user_special_prices_customer_email</var>
<var name="${value}">Elizabet@spryker.com</var>
<kw name="Log" library="BuiltIn">
<arg>Key is '${key}' and value is '${value}'.</arg>
<doc>Logs the given message with the given level.</doc>
<msg timestamp="20210925 17:41:35.129" level="INFO">Key is 'yves_company_user_special_prices_customer_email' and value is 'Elizabet@spryker.com'.</msg>
<status status="PASS" starttime="20210925 17:41:35.128" endtime="20210925 17:41:35.130"/>
</kw>
<kw name="Get Variable Value" library="BuiltIn">
<var>${var_value}</var>
<arg>${${key}}</arg>
<arg>${value}</arg>
<doc>Returns variable value or ``default`` if the variable does not exist.</doc>
<msg timestamp="20210925 17:41:35.187" level="INFO">${var_value} = Elizabet@spryker.com</msg>
<status status="PASS" starttime="20210925 17:41:35.131" endtime="20210925 17:41:35.187"/>
</kw>
<kw name="Set Global Variable" library="BuiltIn">
<arg>${${key}}</arg>
<arg>${var_value}</arg>
<doc>Makes a variable available globally in all tests and suites.</doc>
<msg timestamp="20210925 17:41:35.218" level="INFO">${yves_company_user_special_prices_customer_email} = Elizabet@spryker.com</msg>
<status status="PASS" starttime="20210925 17:41:35.189" endtime="20210925 17:41:35.219"/>
</kw>
<status status="PASS" starttime="20210925 17:41:35.127" endtime="20210925 17:41:35.219"/>
</iter>
<iter>
<var name="${key}">yves_company_user_special_prices_customer_firstname</var>
<var name="${value}">Elizabet</var>
<kw name="Log" library="BuiltIn">
<arg>Key is '${key}' and value is '${value}'.</arg>
<doc>Logs the given message with the given level.</doc>
<msg timestamp="20210925 17:41:35.222" level="INFO">Key is 'yves_company_user_special_prices_customer_firstname' and value is 'Elizabet'.</msg>
<status status="PASS" starttime="20210925 17:41:35.221" endtime="20210925 17:41:35.223"/>
</kw>
<kw name="Get Variable Value" library="BuiltIn">
<var>${var_value}</var>
<arg>${${key}}</arg>
<arg>${value}</arg>
<doc>Returns variable value or ``default`` if the variable does not exist.</doc>
<msg timestamp="20210925 17:41:35.279" level="INFO">${var_value} = Elizabet</msg>
<status status="PASS" starttime="20210925 17:41:35.224" endtime="20210925 17:41:35.279"/>
</kw>
<kw name="Set Global Variable" library="BuiltIn">
<arg>${${key}}</arg>
<arg>${var_value}</arg>
<doc>Makes a variable available globally in all tests and suites.</doc>
<msg timestamp="20210925 17:41:35.310" level="INFO">${yves_company_user_special_prices_customer_firstname} = Elizabet</msg>
<status status="PASS" starttime="20210925 17:41:35.281" endtime="20210925 17:41:35.310"/>
</kw>
<status status="PASS" starttime="20210925 17:41:35.220" endtime="20210925 17:41:35.311"/>
</iter>
<iter>
<var name="${key}">yves_company_user_special_prices_customer_lastname</var>
<var name="${value}">Keller</var>
<kw name="Log" library="BuiltIn">
<arg>Key is '${key}' and value is '${value}'.</arg>
<doc>Logs the given message with the given level.</doc>
<msg timestamp="20210925 17:41:35.314" level="INFO">Key is 'yves_company_user_special_prices_customer_lastname' and value is 'Keller'.</msg>
<status status="PASS" starttime="20210925 17:41:35.313" endtime="20210925 17:41:35.314"/>
</kw>
<kw name="Get Variable Value" library="BuiltIn">
<var>${var_value}</var>
<arg>${${key}}</arg>
<arg>${value}</arg>
<doc>Returns variable value or ``default`` if the variable does not exist.</doc>
<msg timestamp="20210925 17:41:35.373" level="INFO">${var_value} = Keller</msg>
<status status="PASS" starttime="20210925 17:41:35.316" endtime="20210925 17:41:35.374"/>
</kw>
<kw name="Set Global Variable" library="BuiltIn">
<arg>${${key}}</arg>
<arg>${var_value}</arg>
<doc>Makes a variable available globally in all tests and suites.</doc>
<msg timestamp="20210925 17:41:35.405" level="INFO">${yves_company_user_special_prices_customer_lastname} = Keller</msg>
<status status="PASS" starttime="20210925 17:41:35.375" endtime="20210925 17:41:35.405"/>
</kw>
<status status="PASS" starttime="20210925 17:41:35.311" endtime="20210925 17:41:35.405"/>
</iter>
<iter>
<var name="${key}">yves_company_user_restriction_customer_email_1</var>
<var name="${value}">Frida@ottom.de</var>
<kw name="Log" library="BuiltIn">
<arg>Key is '${key}' and value is '${value}'.</arg>
<doc>Logs the given message with the given level.</doc>
<msg timestamp="20210925 17:41:35.409" level="INFO">Key is 'yves_company_user_restriction_customer_email_1' and value is 'Frida@ottom.de'.</msg>
<status status="PASS" starttime="20210925 17:41:35.408" endtime="20210925 17:41:35.409"/>
</kw>
<kw name="Get Variable Value" library="BuiltIn">
<var>${var_value}</var>
<arg>${${key}}</arg>
<arg>${value}</arg>
<doc>Returns variable value or ``default`` if the variable does not exist.</doc>
<msg timestamp="20210925 17:41:35.479" level="INFO">${var_value} = Frida@ottom.de</msg>
<status status="PASS" starttime="20210925 17:41:35.411" endtime="20210925 17:41:35.479"/>
</kw>
<kw name="Set Global Variable" library="BuiltIn">
<arg>${${key}}</arg>
<arg>${var_value}</arg>
<doc>Makes a variable available globally in all tests and suites.</doc>
<msg timestamp="20210925 17:41:35.517" level="INFO">${yves_company_user_restriction_customer_email_1} = Frida@ottom.de</msg>
<status status="PASS" starttime="20210925 17:41:35.481" endtime="20210925 17:41:35.518"/>
</kw>
<status status="PASS" starttime="20210925 17:41:35.406" endtime="20210925 17:41:35.518"/>
</iter>
<iter>
<var name="${key}">yves_company_user_restriction_customer_email_2</var>
<var name="${value}">Alexa@ottom.de</var>
<kw name="Log" library="BuiltIn">
<arg>Key is '${key}' and value is '${value}'.</arg>
<doc>Logs the given message with the given level.</doc>
<msg timestamp="20210925 17:41:35.522" level="INFO">Key is 'yves_company_user_restriction_customer_email_2' and value is 'Alexa@ottom.de'.</msg>
<status status="PASS" starttime="20210925 17:41:35.521" endtime="20210925 17:41:35.522"/>
</kw>
<kw name="Get Variable Value" library="BuiltIn">
<var>${var_value}</var>
<arg>${${key}}</arg>
<arg>${value}</arg>
<doc>Returns variable value or ``default`` if the variable does not exist.</doc>
<msg timestamp="20210925 17:41:35.587" level="INFO">${var_value} = Alexa@ottom.de</msg>
<status status="PASS" starttime="20210925 17:41:35.524" endtime="20210925 17:41:35.587"/>
</kw>
<kw name="Set Global Variable" library="BuiltIn">
<arg>${${key}}</arg>
<arg>${var_value}</arg>
<doc>Makes a variable available globally in all tests and suites.</doc>
<msg timestamp="20210925 17:41:35.622" level="INFO">${yves_company_user_restriction_customer_email_2} = Alexa@ottom.de</msg>
<status status="PASS" starttime="20210925 17:41:35.589" endtime="20210925 17:41:35.623"/>
</kw>
<status status="PASS" starttime="20210925 17:41:35.519" endtime="20210925 17:41:35.623"/>
</iter>
<iter>
<var name="${key}">yves_company_user_bob_email</var>
<var name="${value}">donald@spryker.com</var>
<kw name="Log" library="BuiltIn">
<arg>Key is '${key}' and value is '${value}'.</arg>
<doc>Logs the given message with the given level.</doc>
<msg timestamp="20210925 17:41:35.627" level="INFO">Key is 'yves_company_user_bob_email' and value is 'donald@spryker.com'.</msg>
<status status="PASS" starttime="20210925 17:41:35.626" endtime="20210925 17:41:35.628"/>
</kw>
<kw name="Get Variable Value" library="BuiltIn">
<var>${var_value}</var>
<arg>${${key}}</arg>
<arg>${value}</arg>
<doc>Returns variable value or ``default`` if the variable does not exist.</doc>
<msg timestamp="20210925 17:41:35.696" level="INFO">${var_value} = donald@spryker.com</msg>
<status status="PASS" starttime="20210925 17:41:35.630" endtime="20210925 17:41:35.697"/>
</kw>
<kw name="Set Global Variable" library="BuiltIn">
<arg>${${key}}</arg>
<arg>${var_value}</arg>
<doc>Makes a variable available globally in all tests and suites.</doc>
<msg timestamp="20210925 17:41:35.729" level="INFO">${yves_company_user_bob_email} = donald@spryker.com</msg>
<status status="PASS" starttime="20210925 17:41:35.699" endtime="20210925 17:41:35.729"/>
</kw>
<status status="PASS" starttime="20210925 17:41:35.624" endtime="20210925 17:41:35.730"/>
</iter>
<iter>
<var name="${key}">zed_admin_email</var>
<var name="${value}">admin@spryker.com</var>
<kw name="Log" library="BuiltIn">
<arg>Key is '${key}' and value is '${value}'.</arg>
<doc>Logs the given message with the given level.</doc>
<msg timestamp="20210925 17:41:35.733" level="INFO">Key is 'zed_admin_email' and value is 'admin@spryker.com'.</msg>
<status status="PASS" starttime="20210925 17:41:35.732" endtime="20210925 17:41:35.734"/>
</kw>
<kw name="Get Variable Value" library="BuiltIn">
<var>${var_value}</var>
<arg>${${key}}</arg>
<arg>${value}</arg>
<doc>Returns variable value or ``default`` if the variable does not exist.</doc>
<msg timestamp="20210925 17:41:35.788" level="INFO">${var_value} = admin@spryker.com</msg>
<status status="PASS" starttime="20210925 17:41:35.735" endtime="20210925 17:41:35.788"/>
</kw>
<kw name="Set Global Variable" library="BuiltIn">
<arg>${${key}}</arg>
<arg>${var_value}</arg>
<doc>Makes a variable available globally in all tests and suites.</doc>
<msg timestamp="20210925 17:41:35.817" level="INFO">${zed_admin_email} = admin@spryker.com</msg>
<status status="PASS" starttime="20210925 17:41:35.790" endtime="20210925 17:41:35.817"/>
</kw>
<status status="PASS" starttime="20210925 17:41:35.730" endtime="20210925 17:41:35.818"/>
</iter>
<iter>
<var name="${key}">zed_admin_password</var>
<var name="${value}">change123</var>
<kw name="Log" library="BuiltIn">
<arg>Key is '${key}' and value is '${value}'.</arg>
<doc>Logs the given message with the given level.</doc>
<msg timestamp="20210925 17:41:35.821" level="INFO">Key is 'zed_admin_password' and value is 'change123'.</msg>
<status status="PASS" starttime="20210925 17:41:35.820" endtime="20210925 17:41:35.822"/>
</kw>
<kw name="Get Variable Value" library="BuiltIn">
<var>${var_value}</var>
<arg>${${key}}</arg>
<arg>${value}</arg>
<doc>Returns variable value or ``default`` if the variable does not exist.</doc>
<msg timestamp="20210925 17:41:35.882" level="INFO">${var_value} = change123</msg>
<status status="PASS" starttime="20210925 17:41:35.824" endtime="20210925 17:41:35.882"/>
</kw>
<kw name="Set Global Variable" library="BuiltIn">
<arg>${${key}}</arg>
<arg>${var_value}</arg>
<doc>Makes a variable available globally in all tests and suites.</doc>
<msg timestamp="20210925 17:41:35.913" level="INFO">${zed_admin_password} = change123</msg>
<status status="PASS" starttime="20210925 17:41:35.884" endtime="20210925 17:41:35.913"/>
</kw>
<status status="PASS" starttime="20210925 17:41:35.818" endtime="20210925 17:41:35.914"/>
</iter>
<iter>
<var name="${key}">one_variant_product_abstract_sku</var>
<var name="${value}">M70208</var>
<kw name="Log" library="BuiltIn">
<arg>Key is '${key}' and value is '${value}'.</arg>
<doc>Logs the given message with the given level.</doc>
<msg timestamp="20210925 17:41:35.918" level="INFO">Key is 'one_variant_product_abstract_sku' and value is 'M70208'.</msg>
<status status="PASS" starttime="20210925 17:41:35.916" endtime="20210925 17:41:35.918"/>
</kw>
<kw name="Get Variable Value" library="BuiltIn">
<var>${var_value}</var>
<arg>${${key}}</arg>
<arg>${value}</arg>
<doc>Returns variable value or ``default`` if the variable does not exist.</doc>
<msg timestamp="20210925 17:41:35.981" level="INFO">${var_value} = M70208</msg>
<status status="PASS" starttime="20210925 17:41:35.920" endtime="20210925 17:41:35.982"/>
</kw>
<kw name="Set Global Variable" library="BuiltIn">
<arg>${${key}}</arg>
<arg>${var_value}</arg>
<doc>Makes a variable available globally in all tests and suites.</doc>
<msg timestamp="20210925 17:41:36.015" level="INFO">${one_variant_product_abstract_sku} = M70208</msg>
<status status="PASS" starttime="20210925 17:41:35.983" endtime="20210925 17:41:36.015"/>
</kw>
<status status="PASS" starttime="20210925 17:41:35.915" endtime="20210925 17:41:36.016"/>
</iter>
<iter>
<var name="${key}">one_variant_product_abstract_name</var>
<var name="${value}">EUROKRAFT trolley - with open shovel</var>
<kw name="Log" library="BuiltIn">
<arg>Key is '${key}' and value is '${value}'.</arg>
<doc>Logs the given message with the given level.</doc>
<msg timestamp="20210925 17:41:36.020" level="INFO">Key is 'one_variant_product_abstract_name' and value is 'EUROKRAFT trolley - with open shovel'.</msg>
<status status="PASS" starttime="20210925 17:41:36.019" endtime="20210925 17:41:36.020"/>
</kw>
<kw name="Get Variable Value" library="BuiltIn">
<var>${var_value}</var>
<arg>${${key}}</arg>
<arg>${value}</arg>
<doc>Returns variable value or ``default`` if the variable does not exist.</doc>
<msg timestamp="20210925 17:41:36.083" level="INFO">${var_value} = EUROKRAFT trolley - with open shovel</msg>
<status status="PASS" starttime="20210925 17:41:36.021" endtime="20210925 17:41:36.083"/>
</kw>
<kw name="Set Global Variable" library="BuiltIn">
<arg>${${key}}</arg>
<arg>${var_value}</arg>
<doc>Makes a variable available globally in all tests and suites.</doc>
<msg timestamp="20210925 17:41:36.117" level="INFO">${one_variant_product_abstract_name} = EUROKRAFT trolley - with open shovel</msg>
<status status="PASS" starttime="20210925 17:41:36.085" endtime="20210925 17:41:36.117"/>
</kw>
<status status="PASS" starttime="20210925 17:41:36.017" endtime="20210925 17:41:36.117"/>
</iter>
<iter>
<var name="${key}">one_variant_product_default_price</var>
<var name="${value}">€235.43</var>
<kw name="Log" library="BuiltIn">
<arg>Key is '${key}' and value is '${value}'.</arg>
<doc>Logs the given message with the given level.</doc>
<msg timestamp="20210925 17:41:36.121" level="INFO">Key is 'one_variant_product_default_price' and value is '€235.43'.</msg>
<status status="PASS" starttime="20210925 17:41:36.120" endtime="20210925 17:41:36.121"/>
</kw>
<kw name="Get Variable Value" library="BuiltIn">
<var>${var_value}</var>
<arg>${${key}}</arg>
<arg>${value}</arg>
<doc>Returns variable value or ``default`` if the variable does not exist.</doc>
<msg timestamp="20210925 17:41:36.183" level="INFO">${var_value} = €235.43</msg>
<status status="PASS" starttime="20210925 17:41:36.123" endtime="20210925 17:41:36.183"/>
</kw>
<kw name="Set Global Variable" library="BuiltIn">
<arg>${${key}}</arg>
<arg>${var_value}</arg>
<doc>Makes a variable available globally in all tests and suites.</doc>
<msg timestamp="20210925 17:41:36.216" level="INFO">${one_variant_product_default_price} = €235.43</msg>
<status status="PASS" starttime="20210925 17:41:36.185" endtime="20210925 17:41:36.217"/>
</kw>
<status status="PASS" starttime="20210925 17:41:36.118" endtime="20210925 17:41:36.217"/>
</iter>
<iter>
<var name="${key}">one_variant_product_merchant_price</var>
<var name="${value}">€188.34</var>
<kw name="Log" library="BuiltIn">
<arg>Key is '${key}' and value is '${value}'.</arg>
<doc>Logs the given message with the given level.</doc>
<msg timestamp="20210925 17:41:36.220" level="INFO">Key is 'one_variant_product_merchant_price' and value is '€188.34'.</msg>
<status status="PASS" starttime="20210925 17:41:36.219" endtime="20210925 17:41:36.221"/>
</kw>
<kw name="Get Variable Value" library="BuiltIn">
<var>${var_value}</var>
<arg>${${key}}</arg>
<arg>${value}</arg>
<doc>Returns variable value or ``default`` if the variable does not exist.</doc>
<msg timestamp="20210925 17:41:36.282" level="INFO">${var_value} = €188.34</msg>
<status status="PASS" starttime="20210925 17:41:36.222" endtime="20210925 17:41:36.282"/>
</kw>
<kw name="Set Global Variable" library="BuiltIn">
<arg>${${key}}</arg>
<arg>${var_value}</arg>
<doc>Makes a variable available globally in all tests and suites.</doc>
<msg timestamp="20210925 17:41:36.316" level="INFO">${one_variant_product_merchant_price} = €188.34</msg>
<status status="PASS" starttime="20210925 17:41:36.284" endtime="20210925 17:41:36.316"/>
</kw>
<status status="PASS" starttime="20210925 17:41:36.218" endtime="20210925 17:41:36.316"/>
</iter>
<iter>
<var name="${key}">multi_variant_product_abstract_sku</var>
<var name="${value}">M21692</var>
<kw name="Log" library="BuiltIn">
<arg>Key is '${key}' and value is '${value}'.</arg>
<doc>Logs the given message with the given level.</doc>
<msg timestamp="20210925 17:41:36.320" level="INFO">Key is 'multi_variant_product_abstract_sku' and value is 'M21692'.</msg>
<status status="PASS" starttime="20210925 17:41:36.319" endtime="20210925 17:41:36.320"/>
</kw>
<kw name="Get Variable Value" library="BuiltIn">
<var>${var_value}</var>
<arg>${${key}}</arg>
<arg>${value}</arg>
<doc>Returns variable value or ``default`` if the variable does not exist.</doc>
<msg timestamp="20210925 17:41:36.383" level="INFO">${var_value} = M21692</msg>
<status status="PASS" starttime="20210925 17:41:36.322" endtime="20210925 17:41:36.383"/>
</kw>
<kw name="Set Global Variable" library="BuiltIn">
<arg>${${key}}</arg>
<arg>${var_value}</arg>
<doc>Makes a variable available globally in all tests and suites.</doc>
<msg timestamp="20210925 17:41:36.417" level="INFO">${multi_variant_product_abstract_sku} = M21692</msg>
<status status="PASS" starttime="20210925 17:41:36.385" endtime="20210925 17:41:36.417"/>
</kw>
<status status="PASS" starttime="20210925 17:41:36.317" endtime="20210925 17:41:36.417"/>
</iter>
<iter>
<var name="${key}">measurement_unit_product_abstract_sku</var>
<var name="${value}">M23723</var>
<kw name="Log" library="BuiltIn">
<arg>Key is '${key}' and value is '${value}'.</arg>
<doc>Logs the given message with the given level.</doc>
<msg timestamp="20210925 17:41:36.421" level="INFO">Key is 'measurement_unit_product_abstract_sku' and value is 'M23723'.</msg>
<status status="PASS" starttime="20210925 17:41:36.420" endtime="20210925 17:41:36.421"/>
</kw>
<kw name="Get Variable Value" library="BuiltIn">
<var>${var_value}</var>
<arg>${${key}}</arg>
<arg>${value}</arg>
<doc>Returns variable value or ``default`` if the variable does not exist.</doc>
<msg timestamp="20210925 17:41:36.486" level="INFO">${var_value} = M23723</msg>
<status status="PASS" starttime="20210925 17:41:36.423" endtime="20210925 17:41:36.486"/>
</kw>
<kw name="Set Global Variable" library="BuiltIn">
<arg>${${key}}</arg>
<arg>${var_value}</arg>
<doc>Makes a variable available globally in all tests and suites.</doc>
<msg timestamp="20210925 17:41:36.521" level="INFO">${measurement_unit_product_abstract_sku} = M23723</msg>
<status status="PASS" starttime="20210925 17:41:36.488" endtime="20210925 17:41:36.521"/>
</kw>
<status status="PASS" starttime="20210925 17:41:36.418" endtime="20210925 17:41:36.522"/>
</iter>
<iter>
<var name="${key}">packaging_unit_product_abstract_sku</var>
<var name="${value}">M21766</var>
<kw name="Log" library="BuiltIn">
<arg>Key is '${key}' and value is '${value}'.</arg>
<doc>Logs the given message with the given level.</doc>
<msg timestamp="20210925 17:41:36.525" level="INFO">Key is 'packaging_unit_product_abstract_sku' and value is 'M21766'.</msg>
<status status="PASS" starttime="20210925 17:41:36.524" endtime="20210925 17:41:36.526"/>
</kw>
<kw name="Get Variable Value" library="BuiltIn">
<var>${var_value}</var>
<arg>${${key}}</arg>
<arg>${value}</arg>
<doc>Returns variable value or ``default`` if the variable does not exist.</doc>
<msg timestamp="20210925 17:41:36.590" level="INFO">${var_value} = M21766</msg>
<status status="PASS" starttime="20210925 17:41:36.527" endtime="20210925 17:41:36.590"/>
</kw>
<kw name="Set Global Variable" library="BuiltIn">
<arg>${${key}}</arg>
<arg>${var_value}</arg>
<doc>Makes a variable available globally in all tests and suites.</doc>
<msg timestamp="20210925 17:41:36.624" level="INFO">${packaging_unit_product_abstract_sku} = M21766</msg>
<status status="PASS" starttime="20210925 17:41:36.592" endtime="20210925 17:41:36.625"/>
</kw>
<status status="PASS" starttime="20210925 17:41:36.522" endtime="20210925 17:41:36.625"/>
</iter>
<iter>
<var name="${key}">product_with_relations_related_products_sku</var>
<var name="${value}">M29529</var>
<kw name="Log" library="BuiltIn">
<arg>Key is '${key}' and value is '${value}'.</arg>
<doc>Logs the given message with the given level.</doc>
<msg timestamp="20210925 17:41:36.628" level="INFO">Key is 'product_with_relations_related_products_sku' and value is 'M29529'.</msg>
<status status="PASS" starttime="20210925 17:41:36.627" endtime="20210925 17:41:36.628"/>
</kw>
<kw name="Get Variable Value" library="BuiltIn">
<var>${var_value}</var>
<arg>${${key}}</arg>
<arg>${value}</arg>
<doc>Returns variable value or ``default`` if the variable does not exist.</doc>
<msg timestamp="20210925 17:41:36.697" level="INFO">${var_value} = M29529</msg>
<status status="PASS" starttime="20210925 17:41:36.630" endtime="20210925 17:41:36.697"/>
</kw>
<kw name="Set Global Variable" library="BuiltIn">
<arg>${${key}}</arg>
<arg>${var_value}</arg>
<doc>Makes a variable available globally in all tests and suites.</doc>
<msg timestamp="20210925 17:41:36.736" level="INFO">${product_with_relations_related_products_sku} = M29529</msg>
<status status="PASS" starttime="20210925 17:41:36.699" endtime="20210925 17:41:36.736"/>
</kw>
<status status="PASS" starttime="20210925 17:41:36.626" endtime="20210925 17:41:36.736"/>
</iter>
<iter>
<var name="${key}">product_with_relations_upselling_sku</var>
<var name="${value}">M29502</var>
<kw name="Log" library="BuiltIn">
<arg>Key is '${key}' and value is '${value}'.</arg>
<doc>Logs the given message with the given level.</doc>
<msg timestamp="20210925 17:41:36.740" level="INFO">Key is 'product_with_relations_upselling_sku' and value is 'M29502'.</msg>
<status status="PASS" starttime="20210925 17:41:36.739" endtime="20210925 17:41:36.740"/>
</kw>
<kw name="Get Variable Value" library="BuiltIn">
<var>${var_value}</var>
<arg>${${key}}</arg>
<arg>${value}</arg>
<doc>Returns variable value or ``default`` if the variable does not exist.</doc>
<msg timestamp="20210925 17:41:36.806" level="INFO">${var_value} = M29502</msg>
<status status="PASS" starttime="20210925 17:41:36.742" endtime="20210925 17:41:36.806"/>
</kw>
<kw name="Set Global Variable" library="BuiltIn">
<arg>${${key}}</arg>
<arg>${var_value}</arg>
<doc>Makes a variable available globally in all tests and suites.</doc>
<msg timestamp="20210925 17:41:36.841" level="INFO">${product_with_relations_upselling_sku} = M29502</msg>
<status status="PASS" starttime="20210925 17:41:36.808" endtime="20210925 17:41:36.842"/>
</kw>
<status status="PASS" starttime="20210925 17:41:36.737" endtime="20210925 17:41:36.842"/>
</iter>
<status status="PASS" starttime="20210925 17:41:32.353" endtime="20210925 17:41:36.842"/>
</for>
<status status="PASS" starttime="20210925 17:41:32.345" endtime="20210925 17:41:36.843"/>
</kw>
<kw name="New Browser" library="Browser">
<arg>${browser}</arg>
<arg>headless=${headless}</arg>
<arg>args=['--ignore-certificate-errors']</arg>
<tag>BrowserControl</tag>
<tag>Setter</tag>
<doc>Create a new playwright Browser with specified options.</doc>
<msg timestamp="20210925 17:41:36.848" level="INFO">{"browser": "chromium", "headless": false, "args": ["--ignore-certificate-errors"], "handleSIGINT": true, "handleSIGTERM": true, "handleSIGHUP": true, "timeout": 30000.0, "devtools": false, "slowMo": 0.0, "tracesDir": "/Users/shopin/automation/robot/spryker/browser/traces/1c53920e-8c88-4471-b8e2-ed2f9ce3ccd4"}</msg>
<msg timestamp="20210925 17:41:37.525" level="INFO">Successfully created browser with options: {"browser":"chromium","headless":false,"args":["--ignore-certificate-errors"],"handleSIGINT":true,"handleSIGTERM":true,"handleSIGHUP":true,"timeout":30000,"devtools":false,"slowMo":0,"tracesDir":"/Users/shopin/automation/robot/spryker/browser/traces/1c53920e-8c88-4471-b8e2-ed2f9ce3ccd4"}</msg>
<status status="PASS" starttime="20210925 17:41:36.845" endtime="20210925 17:41:37.526"/>
</kw>
<kw name="Set Browser Timeout" library="Browser">
<arg>60 seconds</arg>
<tag>Config</tag>
<tag>Setter</tag>
<doc>Sets the timeout used by most input and getter keywords.</doc>
<msg timestamp="20210925 17:41:37.535" level="INFO">No context open.</msg>
<status status="PASS" starttime="20210925 17:41:37.528" endtime="20210925 17:41:37.535"/>
</kw>
<kw name="Run Keyword If" library="BuiltIn">
<arg>'${headless}=true'</arg>
<arg>Create default Main Context</arg>
<doc>Runs the given keyword with the given arguments, if ``condition`` is true.</doc>
<kw name="Create default Main Context" library="Common">
<kw name="New Context" library="Browser">
<var>${main_context}</var>
<arg>viewport={'width': 1440, 'height': 1080}</arg>
<tag>BrowserControl</tag>
<tag>Setter</tag>
<doc>Create a new BrowserContext with specified options.</doc>
<msg timestamp="20210925 17:41:37.550" level="INFO">{"acceptDownloads": false, "ignoreHTTPSErrors": false, "bypassCSP": false, "viewport": {"height": 1080, "width": 1440}, "deviceScaleFactor": 1.0, "isMobile": false, "hasTouch": false, "javaScriptEnabled": true, "offline": false, "hideRfBrowser": false}</msg>
<msg timestamp="20210925 17:41:37.607" level="INFO">Successfully created context. </msg>
<msg timestamp="20210925 17:41:37.607" level="INFO">{'acceptDownloads': False, 'ignoreHTTPSErrors': False, 'bypassCSP': False, 'viewport': {'height': 1080, 'width': 1440}, 'deviceScaleFactor': 1, 'isMobile': False, 'hasTouch': False, 'javaScriptEnabled': True, 'offline': False, 'hideRfBrowser': False}</msg>
<msg timestamp="20210925 17:41:37.607" level="INFO">${main_context} = context=754fcb74-ddaa-4ea7-98d9-8c7fce013fe9</msg>
<status status="PASS" starttime="20210925 17:41:37.546" endtime="20210925 17:41:37.608"/>
</kw>
<kw name="Set Suite Variable" library="BuiltIn">
<arg>${main_context}</arg>
<doc>Makes a variable available everywhere within the scope of the current suite.</doc>
<msg timestamp="20210925 17:41:37.615" level="INFO">${main_context} = context=754fcb74-ddaa-4ea7-98d9-8c7fce013fe9</msg>
<status status="PASS" starttime="20210925 17:41:37.611" endtime="20210925 17:41:37.616"/>
</kw>
<status status="PASS" starttime="20210925 17:41:37.543" endtime="20210925 17:41:37.619"/>
</kw>
<status status="PASS" starttime="20210925 17:41:37.538" endtime="20210925 17:41:37.621"/>
</kw>
<kw name="Run Keyword If" library="BuiltIn">
<arg>'${headless}=false'</arg>
<arg>Create default Main Context</arg>
<doc>Runs the given keyword with the given arguments, if ``condition`` is true.</doc>
<kw name="Create default Main Context" library="Common">
<kw name="New Context" library="Browser">
<var>${main_context}</var>
<arg>viewport={'width': 1440, 'height': 1080}</arg>
<tag>BrowserControl</tag>
<tag>Setter</tag>
<doc>Create a new BrowserContext with specified options.</doc>
<msg timestamp="20210925 17:41:37.635" level="INFO">{"acceptDownloads": false, "ignoreHTTPSErrors": false, "bypassCSP": false, "viewport": {"height": 1080, "width": 1440}, "deviceScaleFactor": 1.0, "isMobile": false, "hasTouch": false, "javaScriptEnabled": true, "offline": false, "hideRfBrowser": false}</msg>
<msg timestamp="20210925 17:41:37.689" level="INFO">Successfully created context. </msg>
<msg timestamp="20210925 17:41:37.689" level="INFO">{'acceptDownloads': False, 'ignoreHTTPSErrors': False, 'bypassCSP': False, 'viewport': {'height': 1080, 'width': 1440}, 'deviceScaleFactor': 1, 'isMobile': False, 'hasTouch': False, 'javaScriptEnabled': True, 'offline': False, 'hideRfBrowser': False}</msg>
<msg timestamp="20210925 17:41:37.690" level="INFO">${main_context} = context=e7a5d7c8-fdce-4bad-ba12-67807e922c99</msg>
<status status="PASS" starttime="20210925 17:41:37.632" endtime="20210925 17:41:37.690"/>
</kw>
<kw name="Set Suite Variable" library="BuiltIn">
<arg>${main_context}</arg>
<doc>Makes a variable available everywhere within the scope of the current suite.</doc>
<msg timestamp="20210925 17:41:37.695" level="INFO">${main_context} = context=e7a5d7c8-fdce-4bad-ba12-67807e922c99</msg>
<status status="PASS" starttime="20210925 17:41:37.693" endtime="20210925 17:41:37.695"/>
</kw>
<status status="PASS" starttime="20210925 17:41:37.628" endtime="20210925 17:41:37.697"/>
</kw>
<status status="PASS" starttime="20210925 17:41:37.625" endtime="20210925 17:41:37.698"/>
</kw>
<kw name="New Page" library="Browser">
<arg>${host}</arg>
<tag>BrowserControl</tag>
<tag>Setter</tag>
<doc>Open a new Page. A Page is the Playwright equivalent to a tab.
See `Browser, Context and Page` for more information about Page concept.
Returns a stable identifier for the created page.</doc>
<msg timestamp="20210925 17:41:50.482" level="INFO">Successfully initialized new page object and opened url: http://yves.de.spryker.local/</msg>
<status status="PASS" starttime="20210925 17:41:37.700" endtime="20210925 17:41:50.483"/>
</kw>
<kw name="Generate Random String" library="String">
<var>${random}</var>
<arg>5</arg>
<arg>[NUMBERS]</arg>
<doc>Generates a string with a desired ``length`` from the given ``chars``.</doc>
<msg timestamp="20210925 17:41:50.492" level="INFO">${random} = 92677</msg>
<status status="PASS" starttime="20210925 17:41:50.488" endtime="20210925 17:41:50.492"/>
</kw>
<kw name="Set Global Variable" library="BuiltIn">
<arg>${random}</arg>
<doc>Makes a variable available globally in all tests and suites.</doc>
<msg timestamp="20210925 17:41:50.501" level="INFO">${random} = 92677</msg>
<status status="PASS" starttime="20210925 17:41:50.498" endtime="20210925 17:41:50.501"/>
</kw>
<kw name="Set Variable" library="BuiltIn">
<var>${test_customer_email}</var>
<arg>test.spryker+${random}@gmail.com</arg>
<doc>Returns the given values which can then be assigned to a variables.</doc>
<msg timestamp="20210925 17:41:50.509" level="INFO">${test_customer_email} = test.spryker+92677@gmail.com</msg>
<status status="PASS" starttime="20210925 17:41:50.506" endtime="20210925 17:41:50.510"/>
</kw>
<kw name="Set Global Variable" library="BuiltIn">
<arg>${test_customer_email}</arg>
<doc>Makes a variable available globally in all tests and suites.</doc>
<msg timestamp="20210925 17:41:50.515" level="INFO">${test_customer_email} = test.spryker+92677@gmail.com</msg>
<status status="PASS" starttime="20210925 17:41:50.513" endtime="20210925 17:41:50.516"/>
</kw>
<status status="PASS" starttime="20210925 17:41:32.331" endtime="20210925 17:41:50.517"/>
</kw>
<test id="s1-t1" name="Quick_Order">
<kw name="TestSetup" library="Common" type="SETUP">
<kw name="Go To" library="Browser">
<arg>${host}</arg>
<tag>BrowserControl</tag>
<tag>Setter</tag>
<doc>Navigates to the given ``url``.</doc>
<msg timestamp="20210925 17:41:52.574" level="INFO">Successfully opened URL http://yves.de.spryker.local/</msg>
<status status="PASS" starttime="20210925 17:41:50.575" endtime="20210925 17:41:52.574"/>
</kw>
<status status="PASS" starttime="20210925 17:41:50.570" endtime="20210925 17:41:52.576"/>
</kw>
<kw name="Yves: login on Yves with provided credentials:" library="Common_Yves">
<arg>${yves_company_user_buyer_email}</arg>
<kw name="Get Location" library="Common">
<var>${currentURL}</var>
<kw name="Get Url" library="Browser">
<tag>Assertion</tag>
<tag>Getter</tag>
<tag>PageContent</tag>
<doc>Returns the current URL.</doc>
<status status="PASS" starttime="20210925 17:41:52.587" endtime="20210925 17:41:52.591"/>
</kw>
<msg timestamp="20210925 17:41:52.592" level="INFO">${currentURL} = None</msg>
<status status="PASS" starttime="20210925 17:41:52.583" endtime="20210925 17:41:52.593"/>
</kw>
<kw name="Run Keyword Unless" library="BuiltIn">
<arg>'/login' in '${currentURL}'</arg>
<arg>Run keyword if</arg>
<arg>'${env}'=='b2b'</arg>
<arg>Run Keywords</arg>
<arg>Go To</arg>
<arg>${host}</arg>
<arg>AND</arg>
<arg>delete all cookies</arg>
<arg>AND</arg>
<arg>Reload</arg>
<arg>AND</arg>
<arg>Wait Until Element Is Visible</arg>
<arg>${header_login_button}</arg>
<arg>AND</arg>
<arg>Click</arg>
<arg>${header_login_button}</arg>
<arg>AND</arg>
<arg>Wait Until Element Is Visible</arg>
<arg>${email_field}</arg>
<arg>ELSE</arg>
<arg>Run Keywords</arg>
<arg>Go To</arg>
<arg>${host}</arg>
<arg>AND</arg>
<arg>delete all cookies</arg>
<arg>AND</arg>
<arg>Reload</arg>
<arg>AND</arg>
<arg>mouse over</arg>
<arg>${user_navigation_icon_header_menu_item}[${env}]</arg>
<arg>AND</arg>
<arg>Wait Until Element Is Visible</arg>
<arg>${user_navigation_menu_login_button}</arg>
<arg>AND</arg>
<arg>Click</arg>
<arg>${user_navigation_menu_login_button}</arg>
<arg>AND</arg>
<arg>Wait Until Element Is Visible</arg>
<arg>${email_field}</arg>
<doc>Runs the given keyword with the given arguments if ``condition`` is false.</doc>
<kw name="Run Keyword If" library="BuiltIn">
<arg>'${env}'=='b2b'</arg>
<arg>Run Keywords</arg>
<arg>Go To</arg>
<arg>${host}</arg>
<arg>AND</arg>
<arg>delete all cookies</arg>
<arg>AND</arg>
<arg>Reload</arg>
<arg>AND</arg>
<arg>Wait Until Element Is Visible</arg>
<arg>${header_login_button}</arg>
<arg>AND</arg>
<arg>Click</arg>
<arg>${header_login_button}</arg>
<arg>AND</arg>
<arg>Wait Until Element Is Visible</arg>
<arg>${email_field}</arg>
<arg>ELSE</arg>
<arg>Run Keywords</arg>
<arg>Go To</arg>
<arg>${host}</arg>
<arg>AND</arg>
<arg>delete all cookies</arg>
<arg>AND</arg>
<arg>Reload</arg>
<arg>AND</arg>
<arg>mouse over</arg>
<arg>${user_navigation_icon_header_menu_item}[${env}]</arg>
<arg>AND</arg>
<arg>Wait Until Element Is Visible</arg>
<arg>${user_navigation_menu_login_button}</arg>
<arg>AND</arg>
<arg>Click</arg>
<arg>${user_navigation_menu_login_button}</arg>
<arg>AND</arg>
<arg>Wait Until Element Is Visible</arg>
<arg>${email_field}</arg>
<doc>Runs the given keyword with the given arguments, if ``condition`` is true.</doc>
<kw name="Run Keywords" library="BuiltIn">
<arg>Go To</arg>
<arg>${host}</arg>
<arg>AND</arg>
<arg>delete all cookies</arg>
<arg>AND</arg>
<arg>Reload</arg>
<arg>AND</arg>
<arg>Wait Until Element Is Visible</arg>
<arg>${header_login_button}</arg>
<arg>AND</arg>
<arg>Click</arg>
<arg>${header_login_button}</arg>
<arg>AND</arg>
<arg>Wait Until Element Is Visible</arg>
<arg>${email_field}</arg>
<doc>Executes all the given keywords in a sequence.</doc>
<kw name="Go To" library="Browser">
<arg>${host}</arg>
<tag>BrowserControl</tag>
<tag>Setter</tag>
<doc>Navigates to the given ``url``.</doc>
<msg timestamp="20210925 17:41:54.553" level="INFO">Successfully opened URL http://yves.de.spryker.local/</msg>
<status status="PASS" starttime="20210925 17:41:52.607" endtime="20210925 17:41:54.554"/>
</kw>
<kw name="Delete All Cookies" library="Browser">
<tag>BrowserControl</tag>
<tag>Setter</tag>
<doc>Deletes all cookies from the currently active browser context.</doc>
<msg timestamp="20210925 17:41:54.564" level="INFO">All cookies deleted.</msg>
<status status="PASS" starttime="20210925 17:41:54.557" endtime="20210925 17:41:54.565"/>
</kw>
<kw name="Reload" library="Browser">
<tag>BrowserControl</tag>
<tag>Setter</tag>
<doc>Reloads current active page.</doc>
<msg timestamp="20210925 17:41:56.547" level="INFO">Reloaded page</msg>
<status status="PASS" starttime="20210925 17:41:54.567" endtime="20210925 17:41:56.547"/>
</kw>
<kw name="Wait Until Element Is Visible" library="Common">
<arg>${header_login_button}</arg>
<kw name="Wait For Elements State" library="Browser">
<arg>${locator}</arg>
<arg>visible</arg>
<arg>${timeout}</arg>
<arg>${error}</arg>
<tag>PageContent</tag>
<tag>Wait</tag>
<doc>Waits for the element found by ``selector`` to satisfy state option.</doc>
<msg timestamp="20210925 17:41:56.687" level="INFO">Wait for Element with selector: xpath=//a[contains(@class,'button') and contains(@class,'header__login')]</msg>
<status status="PASS" starttime="20210925 17:41:56.554" endtime="20210925 17:41:56.688"/>
</kw>
<status status="PASS" starttime="20210925 17:41:56.550" endtime="20210925 17:41:56.689"/>
</kw>
<kw name="Click" library="Browser">
<arg>${header_login_button}</arg>
<tag>PageContent</tag>
<tag>Setter</tag>
<doc>Simulates mouse click on the element found by ``selector``.</doc>
<status status="PASS" starttime="20210925 17:41:56.692" endtime="20210925 17:41:57.832"/>
</kw>
<kw name="Wait Until Element Is Visible" library="Common">
<arg>${email_field}</arg>
<kw name="Wait For Elements State" library="Browser">
<arg>${locator}</arg>
<arg>visible</arg>
<arg>${timeout}</arg>
<arg>${error}</arg>
<tag>PageContent</tag>
<tag>Wait</tag>
<doc>Waits for the element found by ``selector`` to satisfy state option.</doc>
<msg timestamp="20210925 17:41:57.907" level="INFO">Wait for Element with selector: id=loginForm_email</msg>
<status status="PASS" starttime="20210925 17:41:57.842" endtime="20210925 17:41:57.908"/>
</kw>
<status status="PASS" starttime="20210925 17:41:57.834" endtime="20210925 17:41:57.910"/>
</kw>
<status status="PASS" starttime="20210925 17:41:52.603" endtime="20210925 17:41:57.911"/>
</kw>
<status status="PASS" starttime="20210925 17:41:52.599" endtime="20210925 17:41:57.912"/>
</kw>
<status status="PASS" starttime="20210925 17:41:52.595" endtime="20210925 17:41:57.913"/>
</kw>
<kw name="Type Text" library="Browser">
<arg>${email_field}</arg>
<arg>${email}</arg>
<tag>PageContent</tag>
<tag>Setter</tag>
<doc>Types the given ``txt`` into the text field found by ``selector``.</doc>
<msg timestamp="20210925 17:41:57.919" level="INFO">Types the text 'Ahill@ottom.de' in the given field.</msg>
<status status="PASS" starttime="20210925 17:41:57.917" endtime="20210925 17:41:58.145"/>
</kw>
[...]
<arg>Page Should Contain Element</arg>
<arg>${return_details_main_content_locator}</arg>
<arg>${pageName} page is not displayed</arg>
<doc>Runs the given keyword with the given arguments, if ``condition`` is true.</doc>
<kw name="Page Should Contain Element" library="Common">
<arg>${quick_order_main_content_locator}</arg>
<arg>${pageName} page is not displayed</arg>
<kw name="Wait For Elements State" library="Browser">
<arg>${locator}</arg>
<arg>attached</arg>
<arg>${timeout}</arg>
<arg>${error}</arg>
<tag>PageContent</tag>
<tag>Wait</tag>
<doc>Waits for the element found by ``selector`` to satisfy state option.</doc>
<msg timestamp="20210925 17:42:26.280" level="INFO">Wait for Element with selector: css=*[name=quick_order_form]</msg>
<status status="PASS" starttime="20210925 17:42:26.112" endtime="20210925 17:42:26.281"/>
</kw>
<status status="PASS" starttime="20210925 17:42:26.104" endtime="20210925 17:42:26.282"/>
</kw>
<status status="PASS" starttime="20210925 17:42:26.093" endtime="20210925 17:42:26.283"/>
</kw>
<status status="PASS" starttime="20210925 17:42:26.087" endtime="20210925 17:42:26.284"/>
</kw>
<kw name="Yves: add the following articles into the form through quick order text area:" library="Quick_Order_steps">
<arg>401627,1\n520561,3\n101509,21\n419871,1\n419869,11\n425073,1\n425084,2</arg>
<kw name="Clear Text" library="Browser">
<arg>${quick_order_add_articles_text_area}</arg>
<tag>PageContent</tag>
<tag>Setter</tag>
<doc>Clears the text field found by ``selector``.</doc>
<status status="PASS" starttime="20210925 17:42:26.291" endtime="20210925 17:42:26.367"/>
</kw>
<kw name="Type Text" library="Browser">
<arg>${quick_order_add_articles_text_area}</arg>
<arg>${contentToUse}</arg>
<tag>PageContent</tag>
<tag>Setter</tag>
<doc>Types the given ``txt`` into the text field found by ``selector``.</doc>
<msg timestamp="20210925 17:42:26.373" level="INFO">Types the text '401627,1
520561,3
101509,21
419871,1
419869,11
425073,1
425084,2' in the given field.</msg>
<status status="PASS" starttime="20210925 17:42:26.371" endtime="20210925 17:42:26.510"/>
</kw>
<kw name="Click" library="Browser">
<arg>${quick_order_verify_button}</arg>
<tag>PageContent</tag>
<tag>Setter</tag>
<doc>Simulates mouse click on the element found by ``selector``.</doc>
<status status="PASS" starttime="20210925 17:42:26.513" endtime="20210925 17:42:28.550"/>
</kw>
<status status="PASS" starttime="20210925 17:42:26.286" endtime="20210925 17:42:28.552"/>
</kw>
<kw name="Yves: add products to the shopping cart from quick order page" library="Quick_Order_steps">
<kw name="Click" library="Browser">
<arg>${quick_order_add_to_cart_button}</arg>
<tag>PageContent</tag>
<tag>Setter</tag>
<doc>Simulates mouse click on the element found by ``selector``.</doc>
<status status="PASS" starttime="20210925 17:42:28.561" endtime="20210925 17:42:41.562"/>
</kw>
<kw name="Yves: remove flash messages" library="Common_Yves">
<kw name="Run Keyword And Ignore Error" library="BuiltIn">
<var>${flash_massage_state}</var>
<arg>Wait Until Page Contains Element</arg>
<arg>${notification_area}</arg>
<arg>1s</arg>
<doc>Runs the given keyword with the given arguments and ignores possible error.</doc>
<kw name="Wait Until Page Contains Element" library="Common">
<arg>${notification_area}</arg>
<arg>1s</arg>
<kw name="Wait For Elements State" library="Browser">
<arg>${locator}</arg>
<arg>attached</arg>
<arg>${timeout}</arg>
<arg>${error}</arg>
<tag>PageContent</tag>
<tag>Wait</tag>
<doc>Waits for the element found by ``selector`` to satisfy state option.</doc>
<msg timestamp="20210925 17:42:41.634" level="INFO">Wait for Element with selector: xpath=//section[@data-qa='component notification-area']</msg>
<status status="PASS" starttime="20210925 17:42:41.580" endtime="20210925 17:42:41.635"/>
</kw>
<status status="PASS" starttime="20210925 17:42:41.576" endtime="20210925 17:42:41.637"/>
</kw>
<msg timestamp="20210925 17:42:41.637" level="INFO">${flash_massage_state} = ('PASS', None)</msg>
<status status="PASS" starttime="20210925 17:42:41.572" endtime="20210925 17:42:41.638"/>
</kw>
<kw name="Log" library="BuiltIn">
<arg>${flash_massage_state}</arg>
<doc>Logs the given message with the given level.</doc>
<msg timestamp="20210925 17:42:41.643" level="INFO">('PASS', None)</msg>
<status status="PASS" starttime="20210925 17:42:41.641" endtime="20210925 17:42:41.643"/>
</kw>
<kw name="Run Keyword If" library="BuiltIn">
<arg>'PASS' in ${flash_massage_state}</arg>
<arg>Remove element from HTML with JavaScript</arg>
<arg>//section[@data-qa='component notification-area']</arg>
<doc>Runs the given keyword with the given arguments, if ``condition`` is true.</doc>
<kw name="Remove element from HTML with JavaScript" library="Common">
<arg>//section[@data-qa='component notification-area']</arg>
<kw name="Execute JavaScript" library="Browser">
<arg>var element=document.evaluate("${xpath}", document, null, XPathResult.FIRST_ORDERED_NODE_TYPE, null).singleNodeValue;element.parentNode.removeChild(element);</arg>
<tag>Getter</tag>
<tag>PageContent</tag>
<tag>Setter</tag>
<doc>Executes given javascript on the page.</doc>
<status status="PASS" starttime="20210925 17:42:41.653" endtime="20210925 17:42:41.683"/>
</kw>
<status status="PASS" starttime="20210925 17:42:41.649" endtime="20210925 17:42:41.684"/>
</kw>
<status status="PASS" starttime="20210925 17:42:41.645" endtime="20210925 17:42:41.685"/>
</kw>
<status status="PASS" starttime="20210925 17:42:41.566" endtime="20210925 17:42:41.687"/>
</kw>
<status status="PASS" starttime="20210925 17:42:28.556" endtime="20210925 17:42:41.689"/>
</kw>
<kw name="Yves: go to the shopping cart through the header with name:" library="Shopping_Carts_steps">
<arg>quickOrderCart+${random}</arg>
<kw name="Wait Until Element Is Visible" library="Common">
<arg>${shopping_car_icon_header_menu_item}[${env}]</arg>
<kw name="Wait For Elements State" library="Browser">
<arg>${locator}</arg>
<arg>visible</arg>
<arg>${timeout}</arg>
<arg>${error}</arg>
<tag>PageContent</tag>
<tag>Wait</tag>
<doc>Waits for the element found by ``selector`` to satisfy state option.</doc>
<msg timestamp="20210925 17:42:41.761" level="INFO">Wait for Element with selector: xpath=//*[contains(@class,'icon--cart')]/ancestor::a</msg>
<status status="PASS" starttime="20210925 17:42:41.701" endtime="20210925 17:42:41.762"/>
</kw>
<status status="PASS" starttime="20210925 17:42:41.696" endtime="20210925 17:42:41.763"/>
</kw>
<kw name="Mouse Over" library="Common">
<arg>${shopping_car_icon_header_menu_item}[${env}]</arg>
<kw name="Hover" library="Browser">
<arg>${locator}</arg>
<tag>PageContent</tag>
<tag>Setter</tag>
<doc>Moves the virtual mouse and scrolls to the element found by ``selector``.</doc>
<status status="PASS" starttime="20210925 17:42:41.770" endtime="20210925 17:42:42.265"/>
</kw>
<status status="PASS" starttime="20210925 17:42:41.765" endtime="20210925 17:42:42.266"/>
</kw>
<kw name="Wait Until Element Is Visible" library="Common">
<arg>${shopping_cart_sub_navigation_widget}</arg>
<kw name="Wait For Elements State" library="Browser">
<arg>${locator}</arg>
<arg>visible</arg>
<arg>${timeout}</arg>
<arg>${error}</arg>
<tag>PageContent</tag>
<tag>Wait</tag>
<doc>Waits for the element found by ``selector`` to satisfy state option.</doc>
<msg timestamp="20210925 17:42:42.312" level="INFO">Wait for Element with selector: xpath=//*[contains(@class,'icon--cart')]/ancestor::li//div[contains(@class,'js-user-navigation__sub-nav-cart')]</msg>
<status status="PASS" starttime="20210925 17:42:42.279" endtime="20210925 17:42:42.313"/>
</kw>
<status status="PASS" starttime="20210925 17:42:42.270" endtime="20210925 17:42:42.314"/>
</kw>
<kw name="Click" library="Browser">
<arg>//*[contains(@class,'icon--cart')]/ancestor::li//div[contains(@class,'js-user-navigation__sub-nav-cart')]//div[@class='mini-cart-detail']//*[contains(@class,'mini-cart-detail__title')]/*[text()='${shoppingCartName}']</arg>
<tag>PageContent</tag>
<tag>Setter</tag>
<doc>Simulates mouse click on the element found by ``selector``.</doc>
<status status="PASS" starttime="20210925 17:42:42.317" endtime="20210925 17:42:47.977"/>
</kw>
<status status="PASS" starttime="20210925 17:42:41.692" endtime="20210925 17:42:47.979"/>
</kw>
<kw name="Yves: 'Shopping Cart' page is displayed" library="Common_Yves" sourcename="Yves: '${pageName}' page is displayed">
<kw name="Run Keyword If" library="BuiltIn">
<arg>'${pageName}' == 'Company Users'</arg>
<arg>Page Should Contain Element</arg>
<arg>${company_users_main_content_locator}</arg>
<arg>${pageName} page is not displayed</arg>
<arg>ELSE IF</arg>
<arg>'${pageName}' == 'Shopping Lists'</arg>
<arg>Page Should Contain Element</arg>
<arg>${shopping_lists_page_form_locator}</arg>
<arg>${pageName} page is not displayed</arg>
<arg>ELSE IF</arg>
<arg>'${pageName}' == 'Shopping List'</arg>
<arg>Page Should Contain Element</arg>
<arg>${shopping_list_main_content_locator}</arg>
<arg>${pageName} page is not displayed</arg>
<arg>ELSE IF</arg>
<arg>'${pageName}' == 'Shopping Cart'</arg>
<arg>Page Should Contain Element</arg>
<arg>${shopping_cart_main_content_locator}[${env}]</arg>
<arg>${pageName} page is not displayed</arg>
<arg>ELSE IF</arg>
<arg>'${pageName}' == 'Shopping Carts'</arg>
<arg>Page Should Contain Element</arg>
<arg>${shopping_carts_main_content_locator}</arg>
<arg>${pageName} page is not displayed</arg>
<arg>ELSE IF</arg>
<arg>'${pageName}' == 'Quick Order'</arg>
<arg>Page Should Contain Element</arg>
<arg>${quick_order_main_content_locator}</arg>
<arg>${pageName} page is not displayed</arg>
<arg>ELSE IF</arg>
<arg>'${pageName}' == 'Thank you'</arg>
<arg>Page Should Contain Element</arg>
<arg>${success_page_main_container_locator}[${env}]</arg>
<arg>${pageName} page is not displayed</arg>
<arg>ELSE IF</arg>
<arg>'${pageName}' == 'Order History'</arg>
<arg>Page Should Contain Element</arg>
<arg>${order_history_main_content_locator}</arg>
<arg>${pageName} page is not displayed</arg>
<arg>ELSE IF</arg>
<arg>'${pageName}' == 'Order Details'</arg>
<arg>Page Should Contain Element</arg>
<arg>${order_details_main_content_locator}</arg>
<arg>${pageName} page is not displayed</arg>
<arg>ELSE IF</arg>
<arg>'${pageName}' == 'Select Business Unit'</arg>
<arg>Page Should Contain Element</arg>
<arg>${customer_account_business_unit_selector}</arg>
<arg>${pageName} page is not displayed</arg>
<arg>ELSE IF</arg>
<arg>'${pageName}' == 'Summary'</arg>
<arg>Page Should Contain Element</arg>
<arg>${checkout_summary_main_content_locator}</arg>
<arg>${pageName} page is not displayed</arg>
<arg>ELSE IF</arg>
<arg>'${pageName}' == 'Quote Requests'</arg>
<arg>Page Should Contain Element</arg>
<arg>${quote_requests_main_content_locator}</arg>
<arg>${pageName} page is not displayed</arg>
<arg>ELSE IF</arg>
<arg>'${pageName}' == 'Quote Request Details'</arg>
<arg>Page Should Contain Element</arg>
<arg>${quote_request_main_content_locator}</arg>
<arg>${pageName} page is not displayed</arg>
<arg>ELSE IF</arg>
<arg>'${pageName}' == 'Choose Bundle to configure'</arg>
<arg>Page Should Contain Element</arg>
<arg>${choose_bundle_main_content_locator}</arg>
<arg>${pageName} page is not displayed</arg>
<arg>ELSE IF</arg>
<arg>'${pageName}' == 'Create Return'</arg>
<arg>Page Should Contain Element</arg>
<arg>${create_return_main_content_locator}</arg>
<arg>${pageName} page is not displayed</arg>
<arg>ELSE IF</arg>
<arg>'${pageName}' == 'Return Details'</arg>
<arg>Page Should Contain Element</arg>
<arg>${return_details_main_content_locator}</arg>
<arg>${pageName} page is not displayed</arg>
<doc>Runs the given keyword with the given arguments, if ``condition`` is true.</doc>
<kw name="Page Should Contain Element" library="Common">
<arg>${shopping_cart_main_content_locator}[${env}]</arg>
<arg>${pageName} page is not displayed</arg>
<kw name="Wait For Elements State" library="Browser">
<arg>${locator}</arg>
<arg>attached</arg>
<arg>${timeout}</arg>
<arg>${error}</arg>
<tag>PageContent</tag>
<tag>Wait</tag>
<doc>Waits for the element found by ``selector`` to satisfy state option.</doc>
<msg timestamp="20210925 17:42:48.085" level="INFO">Wait for Element with selector: xpath=//*[@data-qa='component cart-sidebar']</msg>
<status status="PASS" starttime="20210925 17:42:47.998" endtime="20210925 17:42:48.086"/>
</kw>
<status status="PASS" starttime="20210925 17:42:47.993" endtime="20210925 17:42:48.088"/>
</kw>
<status status="PASS" starttime="20210925 17:42:47.985" endtime="20210925 17:42:48.089"/>
</kw>
<status status="PASS" starttime="20210925 17:42:47.981" endtime="20210925 17:42:48.091"/>
</kw>
<kw name="Yves: shopping cart contains the following products:" library="Shopping_Carts_steps">
<arg>401627</arg>
<arg>520561</arg>
<arg>101509</arg>
<arg>419871</arg>
<arg>419869</arg>
<arg>425073</arg>
<arg>425084</arg>
<doc>For item listing you can use sku or name of the product</doc>
<kw name="Get Length" library="BuiltIn">
<var>${items_list_count}</var>
<arg>${items_list}</arg>
<doc>Returns and logs the length of the given item as an integer.</doc>
<msg timestamp="20210925 17:42:48.098" level="INFO">Length is 7</msg>
<msg timestamp="20210925 17:42:48.099" level="INFO">${items_list_count} = 7</msg>
<status status="PASS" starttime="20210925 17:42:48.097" endtime="20210925 17:42:48.099"/>
</kw>
<for flavor="IN RANGE">
<var>${index}</var>
<value>0</value>
<value>${items_list_count}</value>
<iter>
<var name="${index}">0</var>
<kw name="Get From List" library="Collections">
<var>${item_to_check}</var>
<arg>${items_list}</arg>
<arg>${index}</arg>
<doc>Returns the value specified with an ``index`` from ``list``.</doc>
<msg timestamp="20210925 17:42:48.106" level="INFO">${item_to_check} = 401627</msg>
<status status="PASS" starttime="20210925 17:42:48.104" endtime="20210925 17:42:48.106"/>
</kw>
<kw name="Page Should Contain Element" library="Common">
<arg>xpath=//main[contains(@class,'cart')]//article[contains(@data-qa,'component product-card-item')]//*[contains(.,'${item_to_check}')]/ancestor::article</arg>
<kw name="Wait For Elements State" library="Browser">
<arg>${locator}</arg>
<arg>attached</arg>
<arg>${timeout}</arg>
<arg>${error}</arg>
<tag>PageContent</tag>
<tag>Wait</tag>
<doc>Waits for the element found by ``selector`` to satisfy state option.</doc>
<msg timestamp="20210925 17:42:48.462" level="INFO">Wait for Element with selector: xpath=//main[contains(@class,'cart')]//article[contains(@data-qa,'component product-card-item')]//*[contains(.,'401627')]/ancestor::article</msg>
<status status="PASS" starttime="20210925 17:42:48.113" endtime="20210925 17:42:48.463"/>
</kw>
<status status="PASS" starttime="20210925 17:42:48.108" endtime="20210925 17:42:48.464"/>
</kw>
<status status="PASS" starttime="20210925 17:42:48.101" endtime="20210925 17:42:48.465"/>
</iter>
<iter>
<var name="${index}">1</var>
<kw name="Get From List" library="Collections">
<var>${item_to_check}</var>
<arg>${items_list}</arg>
<arg>${index}</arg>
<doc>Returns the value specified with an ``index`` from ``list``.</doc>
<msg timestamp="20210925 17:42:48.473" level="INFO">${item_to_check} = 520561</msg>
<status status="PASS" starttime="20210925 17:42:48.469" endtime="20210925 17:42:48.473"/>
</kw>
<kw name="Page Should Contain Element" library="Common">
<arg>xpath=//main[contains(@class,'cart')]//article[contains(@data-qa,'component product-card-item')]//*[contains(.,'${item_to_check}')]/ancestor::article</arg>
<kw name="Wait For Elements State" library="Browser">
<arg>${locator}</arg>
<arg>attached</arg>
<arg>${timeout}</arg>
<arg>${error}</arg>
<tag>PageContent</tag>
<tag>Wait</tag>
<doc>Waits for the element found by ``selector`` to satisfy state option.</doc>
<msg timestamp="20210925 17:42:48.542" level="INFO">Wait for Element with selector: xpath=//main[contains(@class,'cart')]//article[contains(@data-qa,'component product-card-item')]//*[contains(.,'520561')]/ancestor::article</msg>
<status status="PASS" starttime="20210925 17:42:48.482" endtime="20210925 17:42:48.543"/>
</kw>
<status status="PASS" starttime="20210925 17:42:48.476" endtime="20210925 17:42:48.544"/>
</kw>
<status status="PASS" starttime="20210925 17:42:48.466" endtime="20210925 17:42:48.544"/>
</iter>
<iter>
<var name="${index}">2</var>
<kw name="Get From List" library="Collections">
<var>${item_to_check}</var>
<arg>${items_list}</arg>
<arg>${index}</arg>
<doc>Returns the value specified with an ``index`` from ``list``.</doc>
<msg timestamp="20210925 17:42:48.550" level="INFO">${item_to_check} = 101509</msg>
<status status="PASS" starttime="20210925 17:42:48.548" endtime="20210925 17:42:48.550"/>
</kw>
<kw name="Page Should Contain Element" library="Common">
<arg>xpath=//main[contains(@class,'cart')]//article[contains(@data-qa,'component product-card-item')]//*[contains(.,'${item_to_check}')]/ancestor::article</arg>
<kw name="Wait For Elements State" library="Browser">
<arg>${locator}</arg>
<arg>attached</arg>
<arg>${timeout}</arg>
<arg>${error}</arg>
<tag>PageContent</tag>
<tag>Wait</tag>
<doc>Waits for the element found by ``selector`` to satisfy state option.</doc>
<msg timestamp="20210925 17:42:48.568" level="INFO">Wait for Element with selector: xpath=//main[contains(@class,'cart')]//article[contains(@data-qa,'component product-card-item')]//*[contains(.,'101509')]/ancestor::article</msg>
<status status="PASS" starttime="20210925 17:42:48.557" endtime="20210925 17:42:48.568"/>
</kw>
<status status="PASS" starttime="20210925 17:42:48.552" endtime="20210925 17:42:48.569"/>
</kw>
<status status="PASS" starttime="20210925 17:42:48.545" endtime="20210925 17:42:48.570"/>
</iter>
<iter>
<var name="${index}">3</var>
<kw name="Get From List" library="Collections">
<var>${item_to_check}</var>
<arg>${items_list}</arg>
<arg>${index}</arg>
<doc>Returns the value specified with an ``index`` from ``list``.</doc>
<msg timestamp="20210925 17:42:48.575" level="INFO">${item_to_check} = 419871</msg>
<status status="PASS" starttime="20210925 17:42:48.573" endtime="20210925 17:42:48.575"/>
</kw>
<kw name="Page Should Contain Element" library="Common">
<arg>xpath=//main[contains(@class,'cart')]//article[contains(@data-qa,'component product-card-item')]//*[contains(.,'${item_to_check}')]/ancestor::article</arg>
<kw name="Wait For Elements State" library="Browser">
<arg>${locator}</arg>
<arg>attached</arg>
<arg>${timeout}</arg>
<arg>${error}</arg>
<tag>PageContent</tag>
<tag>Wait</tag>
<doc>Waits for the element found by ``selector`` to satisfy state option.</doc>
<msg timestamp="20210925 17:42:48.600" level="INFO">Wait for Element with selector: xpath=//main[contains(@class,'cart')]//article[contains(@data-qa,'component product-card-item')]//*[contains(.,'419871')]/ancestor::article</msg>
<status status="PASS" starttime="20210925 17:42:48.582" endtime="20210925 17:42:48.600"/>
</kw>
<status status="PASS" starttime="20210925 17:42:48.577" endtime="20210925 17:42:48.602"/>
</kw>
<status status="PASS" starttime="20210925 17:42:48.571" endtime="20210925 17:42:48.602"/>
</iter>
<iter>
<var name="${index}">4</var>
<kw name="Get From List" library="Collections">
<var>${item_to_check}</var>
<arg>${items_list}</arg>
<arg>${index}</arg>
<doc>Returns the value specified with an ``index`` from ``list``.</doc>
<msg timestamp="20210925 17:42:48.607" level="INFO">${item_to_check} = 419869</msg>
<status status="PASS" starttime="20210925 17:42:48.606" endtime="20210925 17:42:48.608"/>
</kw>
<kw name="Page Should Contain Element" library="Common">
<arg>xpath=//main[contains(@class,'cart')]//article[contains(@data-qa,'component product-card-item')]//*[contains(.,'${item_to_check}')]/ancestor::article</arg>
<kw name="Wait For Elements State" library="Browser">
<arg>${locator}</arg>
<arg>attached</arg>
<arg>${timeout}</arg>
<arg>${error}</arg>
<tag>PageContent</tag>
<tag>Wait</tag>
<doc>Waits for the element found by ``selector`` to satisfy state option.</doc>
<msg timestamp="20210925 17:42:48.625" level="INFO">